#
# A fatal error has been detected by the Java Runtime Environment:
#
#  SIGSEGV (0xb) at pc=0x00007fff886770dd, pid=4348, tid=1811
#
# JRE version: Java(TM) SE Runtime Environment (8.0_60-b27) (build 1.8.0_60-b27)
# Java VM: Java HotSpot(TM) 64-Bit Server VM (25.60-b23 mixed mode bsd-amd64 compressed oops)
# Problematic frame:
# C  [libobjc.A.dylib+0x10dd]  objc_msgSend+0x1d
#
# Failed to write core dump. Core dumps have been disabled. To enable core dumping, try "ulimit -c unlimited" before starting Java again
#
# If you would like to submit a bug report, please visit:
#   http://bugreport.java.com/bugreport/crash.jsp
# The crash happened outside the Java Virtual Machine in native code.
# See problematic frame for where to report the bug.
#

---------------  T H R E A D  ---------------

Current thread (0x00007fe583858000):  JavaThread "AWT-AppKit" daemon [_thread_in_native, id=1811, stack(0x00007fff5791b000,0x00007fff5811b000)]

siginfo: si_signo: 11 (SIGSEGV), si_code: 1 (SEGV_MAPERR), si_addr: 0x000007fe581c0c30

Registers:
RAX=0x00007fe586d9cd70, RBX=0x0000000187fb33b0, RCX=0x0000000127ee2aa0, RDX=0x0000000126f4b320
RSP=0x00007fff581165d8, RBP=0x00007fff58116690, RSI=0x00007fff8dcbc40f, RDI=0x00007fe586fb43d0
R8 =0x0000000000000000, R9 =0x0000000000000f50, R10=0x00007fff8dcbc40f, R11=0x000007fe581c0c18
R12=0x0000000000000000, R13=0x000000018b7769a0, R14=0x0000000187fb33a0, R15=0x00007fe583858000
RIP=0x00007fff886770dd, EFLAGS=0x0000000000010206, ERR=0x0000000000000004
  TRAPNO=0x000000000000000e

Top of Stack: (sp=0x00007fff581165d8)
0x00007fff581165d8:   0000000187fb15d7 00007fff58116630
0x00007fff581165e8:   0000000000000003 00007fff58116610
0x00007fff581165f8:   0000000107dd5992 000000018b7769a0
0x00007fff58116608:   000000018b7769a0 00007fe586d9cd70
0x00007fff58116618:   0000000187fb35c0 0000000187fb3640
0x00007fff58116628:   0000000187fb33b0 00007fff7783d550
0x00007fff58116638:   0000000187fb35d0 00007fff7828ec80
0x00007fff58116648:   00007fe586d9cd70 00007fe586fb43d0
0x00007fff58116658:   00007fe581c6f090 00007fe586d9cd70
0x00007fff58116668:   00007fe586fb43d0 00007fff58116710
0x00007fff58116678:   00007fe5838581f8 000000018b7769a0
0x00007fff58116688:   00007fff58116738 00007fff58116700
0x00007fff58116698:   0000000109518954 00007fff58116700
0x00007fff581166a8:   00000001095186d9 0000000109524823
0x00007fff581166b8:   00000001095186a2 00007fff581166c0
0x00007fff581166c8:   000000018b7769a0 00007fff58116738
0x00007fff581166d8:   000000018b779190 0000000000000000
0x00007fff581166e8:   000000018b7769a0 0000000000000000
0x00007fff581166f8:   00007fff58116720 00007fff58116780
0x00007fff58116708:   000000010950ac4d 0000000795e4ca18
0x00007fff58116718:   0000000109512578 00007fe586d9cd70
0x00007fff58116728:   0000000109513db9 00007fe586fb43d0
0x00007fff58116738:   0000000109513d82 00007fff58116740
0x00007fff58116748:   000000018b776b6a 00007fff581167a8
0x00007fff58116758:   000000018b779190 0000000000000000
0x00007fff58116768:   000000018b776b78 00007fff58116720
0x00007fff58116778:   00007fff58116790 00007fff581167f0
0x00007fff58116788:   000000010950ac4d 00007fe586d9cd70
0x00007fff58116798:   0000000795e55360 00007fe586fb43d0
0x00007fff581167a8:   0000000795e55360 00007fff581167b0
0x00007fff581167b8:   000000018b80ffde 00007fff58116800
0x00007fff581167c8:   000000018b810098 0000000000000000 

Instructions: (pc=0x00007fff886770dd)
0x00007fff886770bd:   00 00 00 48 85 ff 2e 74 7a 40 f6 c7 01 2e 75 7e
0x00007fff886770cd:   49 bb f8 ff ff ff ff 7f 00 00 4c 23 1f 49 89 f2
0x00007fff886770dd:   45 23 53 18 49 c1 e2 04 4d 03 53 10 49 3b 32 75
0x00007fff886770ed:   04 41 ff 62 08 49 83 3a 00 74 6a 4d 3b 53 10 74 

Register to memory mapping:

RAX=0x00007fe586d9cd70 is an unknown value
RBX=0x0000000187fb33b0: Java_jogamp_nativewindow_macosx_OSXUtil_GetScreenRefreshRate0+0x1850 in /private/var/folders/dz/9hrfz2z97n7f22lrjdqgm2sh0000gn/T/jogamp_0000/file_cache/jln7907727120517474609/jln1801654585378339858/libnativewindow_macosx.jnilib at 0x0000000187fac000
RCX=0x0000000127ee2aa0 is an unknown value
RDX=0x0000000126f4b320 is an unknown value
RSP=0x00007fff581165d8 is pointing into the stack for thread: 0x00007fe583858000
RBP=0x00007fff58116690 is pointing into the stack for thread: 0x00007fe583858000
RSI=0x00007fff8dcbc40f is an unknown value
RDI=0x00007fe586fb43d0 is an unknown value
R8 =0x0000000000000000 is an unknown value
R9 =0x0000000000000f50 is an unknown value
R10=0x00007fff8dcbc40f is an unknown value
R11=0x000007fe581c0c18 is an unknown value
R12=0x0000000000000000 is an unknown value
R13={method} {0x000000018b7769a0} 'UnsetJAWTRootSurfaceLayer0' '(JJ)V' in 'jogamp/nativewindow/jawt/macosx/MacOSXJAWTWindow'
R14=0x0000000187fb33a0: Java_jogamp_nativewindow_macosx_OSXUtil_GetScreenRefreshRate0+0x1840 in /private/var/folders/dz/9hrfz2z97n7f22lrjdqgm2sh0000gn/T/jogamp_0000/file_cache/jln7907727120517474609/jln1801654585378339858/libnativewindow_macosx.jnilib at 0x0000000187fac000
R15=0x00007fe583858000 is a thread


Stack: [0x00007fff5791b000,0x00007fff5811b000],  sp=0x00007fff581165d8,  free space=8173k
Native frames: (J=compiled Java code, j=interpreted, Vv=VM code, C=native code)
C  [libobjc.A.dylib+0x10dd]  objc_msgSend+0x1d
j  jogamp.nativewindow.jawt.macosx.MacOSXJAWTWindow.UnsetJAWTRootSurfaceLayer0(JJ)V+0
j  jogamp.nativewindow.jawt.macosx.MacOSXJAWTWindow.access$200(JJ)V+2
j  jogamp.nativewindow.jawt.macosx.MacOSXJAWTWindow$1.run()V+38
j  com.jogamp.common.util.RunnableTask.run()V+24
v  ~StubRoutines::call_stub
V  [libjvm.dylib+0x2eab0e]
V  [libjvm.dylib+0x321bb7]
V  [libjvm.dylib+0x31438b]
C  [libnativewindow_macosx.jnilib+0x57ae]  Java_jogamp_nativewindow_jawt_macosx_MacOSXJAWTWindow_UnsetJAWTRootSurfaceLayer0+0x2be
C  [Foundation+0x92dd0]  __NSThreadPerformPerform+0x125
C  [CoreFoundation+0x80a01]  __CFRUNLOOP_IS_CALLING_OUT_TO_A_SOURCE0_PERFORM_FUNCTION__+0x11
C  [CoreFoundation+0x72b8d]  __CFRunLoopDoSources0+0x10d
C  [CoreFoundation+0x721bf]  __CFRunLoopRun+0x39f
C  [CoreFoundation+0x71bd8]  CFRunLoopRunSpecific+0x128
C  [HIToolbox+0x3256f]  RunCurrentEventLoopInMode+0xeb
C  [HIToolbox+0x321ee]  ReceiveNextEventCommon+0xb3
C  [HIToolbox+0x3212b]  _BlockUntilNextEventMatchingListInModeWithFilter+0x47
C  [AppKit+0x918ab]  _DPSNextEvent+0x3d2
C  [AppKit+0x90e58]  -[NSApplication nextEventMatchingMask:untilDate:inMode:dequeue:]+0x15a
C  [libosxapp.dylib+0x23aa]  -[NSApplicationAWT nextEventMatchingMask:untilDate:inMode:dequeue:]+0x7c
C  [AppKit+0x86af3]  -[NSApplication run]+0x252
C  [libosxapp.dylib+0x214d]  +[NSApplicationAWT runAWTLoopWithApp:]+0x9c
C  [libawt_lwawt.dylib+0x44517]  -[AWTStarter starter:]+0x389
C  [Foundation+0x92dd0]  __NSThreadPerformPerform+0x125
C  [CoreFoundation+0x80a01]  __CFRUNLOOP_IS_CALLING_OUT_TO_A_SOURCE0_PERFORM_FUNCTION__+0x11
C  [CoreFoundation+0x72b8d]  __CFRunLoopDoSources0+0x10d
C  [CoreFoundation+0x721bf]  __CFRunLoopRun+0x39f
C  [CoreFoundation+0x71bd8]  CFRunLoopRunSpecific+0x128
C  [java+0x6463]  CreateExecutionEnvironment+0x367
C  [java+0x21ac]  JLI_Launch+0x7a0
C  [java+0x84c0]  main+0x65
C  [java+0x1a04]  start+0x34
C  0x0000000000000007

Java frames: (J=compiled Java code, j=interpreted, Vv=VM code)
j  jogamp.nativewindow.jawt.macosx.MacOSXJAWTWindow.UnsetJAWTRootSurfaceLayer0(JJ)V+0
j  jogamp.nativewindow.jawt.macosx.MacOSXJAWTWindow.access$200(JJ)V+2
j  jogamp.nativewindow.jawt.macosx.MacOSXJAWTWindow$1.run()V+38
j  com.jogamp.common.util.RunnableTask.run()V+24
v  ~StubRoutines::call_stub

---------------  P R O C E S S  ---------------

Java Threads: ( => current thread )
  0x00007fe582b71000 JavaThread "Thread-3" [_thread_blocked, id=60171, stack(0x000000018d907000,0x000000018da07000)]
  0x00007fe58247d000 JavaThread "AWT-EventQueue-1" [_thread_in_native, id=57871, stack(0x00000001885d8000,0x00000001886d8000)]
  0x00007fe582480800 JavaThread "DestroyJavaVM" [_thread_blocked, id=4867, stack(0x0000000109401000,0x0000000109501000)]
  0x00007fe58226a000 JavaThread "AWT-EventQueue-0" [_thread_blocked, id=54275, stack(0x0000000127f65000,0x0000000128065000)]
  0x00007fe583875000 JavaThread "Java2D Disposer" daemon [_thread_blocked, id=50967, stack(0x0000000126cdc000,0x0000000126ddc000)]
  0x00007fe58291d800 JavaThread "Java2D Queue Flusher" daemon [_thread_blocked, id=49671, stack(0x0000000125c56000,0x0000000125d56000)]
  0x00007fe58382e800 JavaThread "AWT-Shutdown" [_thread_blocked, id=27923, stack(0x0000000122e71000,0x0000000122f71000)]
=>0x00007fe583858000 JavaThread "AWT-AppKit" daemon [_thread_in_native, id=1811, stack(0x00007fff5791b000,0x00007fff5811b000)]
  0x00007fe5820d8800 JavaThread "Service Thread" daemon [_thread_blocked, id=18179, stack(0x0000000121285000,0x0000000121385000)]
  0x00007fe582800800 JavaThread "C1 CompilerThread2" daemon [_thread_blocked, id=17667, stack(0x0000000121182000,0x0000000121282000)]
  0x00007fe583007000 JavaThread "C2 CompilerThread1" daemon [_thread_blocked, id=17155, stack(0x000000012107f000,0x000000012117f000)]
  0x00007fe583005800 JavaThread "C2 CompilerThread0" daemon [_thread_blocked, id=16643, stack(0x0000000120f7c000,0x000000012107c000)]
  0x00007fe58207d800 JavaThread "Signal Dispatcher" daemon [_thread_blocked, id=13331, stack(0x0000000120e79000,0x0000000120f79000)]
  0x00007fe58205c800 JavaThread "Finalizer" daemon [_thread_blocked, id=11523, stack(0x000000011f458000,0x000000011f558000)]
  0x00007fe582056000 JavaThread "Reference Handler" daemon [_thread_blocked, id=11011, stack(0x000000011f355000,0x000000011f455000)]

Other Threads:
  0x00007fe582053800 VMThread [stack: 0x000000011f252000,0x000000011f352000] [id=10499]
  0x00007fe582812800 WatcherThread [stack: 0x0000000121388000,0x0000000121488000] [id=18691]

VM state:not at safepoint (normal execution)

VM Mutex/Monitor currently owned by a thread: None

Heap:
 PSYoungGen      total 38400K, used 19348K [0x0000000795580000, 0x0000000798000000, 0x00000007c0000000)
  eden space 33280K, 42% used [0x0000000795580000,0x00000007963733e0,0x0000000797600000)
  from space 5120K, 98% used [0x0000000797600000,0x0000000797af1d68,0x0000000797b00000)
  to   space 5120K, 0% used [0x0000000797b00000,0x0000000797b00000,0x0000000798000000)
 ParOldGen       total 87552K, used 16K [0x0000000740000000, 0x0000000745580000, 0x0000000795580000)
  object space 87552K, 0% used [0x0000000740000000,0x0000000740004000,0x0000000745580000)
 Metaspace       used 17399K, capacity 17613K, committed 17792K, reserved 1064960K
  class space    used 1792K, capacity 1857K, committed 1920K, reserved 1048576K

Card table byte_map: [0x00000001188c3000,0x0000000118cc4000] byte_map_base: 0x0000000114ec3000

Marking Bits: (ParMarkBitMap*) 0x00000001084c2e20
 Begin Bits: [0x000000011937b000, 0x000000011b37b000)
 End Bits:   [0x000000011b37b000, 0x000000011d37b000)

Polling page: 0x0000000108bc7000

CodeCache: size=245760Kb used=3808Kb max_used=3808Kb free=241951Kb
 bounds [0x0000000109503000, 0x00000001098c3000, 0x0000000118503000]
 total_blobs=1825 nmethods=962 adapters=777
 compilation: enabled

Compilation events (10 events):
Event: 9.449 Thread 0x00007fe582800800  958   !   3       java.awt.EventQueue::setCurrentEventAndMostRecentTimeImpl (185 bytes)
Event: 9.450 Thread 0x00007fe582800800 nmethod 958 0x00000001098b8f50 code [0x00000001098b9200, 0x00000001098bacb8]
Event: 9.453 Thread 0x00007fe582800800  959       1       java.awt.Component::isEnabledImpl (5 bytes)
Event: 9.453 Thread 0x00007fe582800800 nmethod 959 0x00000001098bb610 code [0x00000001098bb760, 0x00000001098bb870]
Event: 9.483 Thread 0x00007fe582800800  961       3       sun.java2d.pipe.PixelToParallelogramConverter::normalize (15 bytes)
Event: 9.484 Thread 0x00007fe582800800 nmethod 961 0x00000001098bb8d0 code [0x00000001098bba80, 0x00000001098bbd08]
Event: 9.484 Thread 0x00007fe582800800  960       3       java.util.LinkedList$ListItr::hasNext (20 bytes)
Event: 9.484 Thread 0x00007fe582800800 nmethod 960 0x00000001098bbe10 code [0x00000001098bbf80, 0x00000001098bc150]
Event: 9.494 Thread 0x00007fe582800800  962       3       java.util.IdentityHashMap::hash (18 bytes)
Event: 9.495 Thread 0x00007fe582800800 nmethod 962 0x00000001098bc210 code [0x00000001098bc380, 0x00000001098bc508]

GC Heap History (2 events):
Event: 4.305 GC heap before
{Heap before GC invocations=1 (full 0):
 PSYoungGen      total 38400K, used 33280K [0x0000000795580000, 0x0000000798000000, 0x00000007c0000000)
  eden space 33280K, 100% used [0x0000000795580000,0x0000000797600000,0x0000000797600000)
  from space 5120K, 0% used [0x0000000797b00000,0x0000000797b00000,0x0000000798000000)
  to   space 5120K, 0% used [0x0000000797600000,0x0000000797600000,0x0000000797b00000)
 ParOldGen       total 87552K, used 0K [0x0000000740000000, 0x0000000745580000, 0x0000000795580000)
  object space 87552K, 0% used [0x0000000740000000,0x0000000740000000,0x0000000745580000)
 Metaspace       used 15648K, capacity 15861K, committed 16000K, reserved 1062912K
  class space    used 1585K, capacity 1659K, committed 1664K, reserved 1048576K
Event: 4.314 GC heap after
Heap after GC invocations=1 (full 0):
 PSYoungGen      total 38400K, used 5063K [0x0000000795580000, 0x0000000798000000, 0x00000007c0000000)
  eden space 33280K, 0% used [0x0000000795580000,0x0000000795580000,0x0000000797600000)
  from space 5120K, 98% used [0x0000000797600000,0x0000000797af1d68,0x0000000797b00000)
  to   space 5120K, 0% used [0x0000000797b00000,0x0000000797b00000,0x0000000798000000)
 ParOldGen       total 87552K, used 16K [0x0000000740000000, 0x0000000745580000, 0x0000000795580000)
  object space 87552K, 0% used [0x0000000740000000,0x0000000740004000,0x0000000745580000)
 Metaspace       used 15648K, capacity 15861K, committed 16000K, reserved 1062912K
  class space    used 1585K, capacity 1659K, committed 1664K, reserved 1048576K
}

Deoptimization events (9 events):
Event: 3.620 Thread 0x00007fe58248d000 Uncommon trap: reason=unstable_if action=reinterpret pc=0x00000001096ddf00 method=java.lang.String.toLowerCase(Ljava/util/Locale;)Ljava/lang/String; @ 85
Event: 3.974 Thread 0x00007fe583169800 Uncommon trap: reason=unstable_if action=reinterpret pc=0x000000010974fcd4 method=java.lang.String.indexOf([CII[CIII)I @ 3
Event: 3.974 Thread 0x00007fe583169800 Uncommon trap: reason=unstable_if action=reinterpret pc=0x00000001096ca618 method=java.lang.String.indexOf([CII[CIII)I @ 3
Event: 3.978 Thread 0x00007fe583169800 Uncommon trap: reason=bimorphic action=maybe_recompile pc=0x000000010976b16c method=java.util.HashMap.getNode(ILjava/lang/Object;)Ljava/util/HashMap$Node; @ 126
Event: 3.978 Thread 0x00007fe583169800 Uncommon trap: reason=bimorphic action=maybe_recompile pc=0x000000010976b16c method=java.util.HashMap.getNode(ILjava/lang/Object;)Ljava/util/HashMap$Node; @ 126
Event: 3.978 Thread 0x00007fe583169800 Uncommon trap: reason=bimorphic action=maybe_recompile pc=0x000000010976b16c method=java.util.HashMap.getNode(ILjava/lang/Object;)Ljava/util/HashMap$Node; @ 126
Event: 3.978 Thread 0x00007fe583169800 Uncommon trap: reason=bimorphic action=maybe_recompile pc=0x000000010976b16c method=java.util.HashMap.getNode(ILjava/lang/Object;)Ljava/util/HashMap$Node; @ 126
Event: 3.986 Thread 0x00007fe583169800 Uncommon trap: reason=unstable_if action=reinterpret pc=0x0000000109767ddc method=java.lang.String.lastIndexOf([CII[CIII)I @ 118
Event: 4.957 Thread 0x00007fe58247d000 Uncommon trap: reason=unstable_if action=reinterpret pc=0x00000001096b2aec method=java.lang.AbstractStringBuilder.append(Ljava/lang/String;)Ljava/lang/AbstractStringBuilder; @ 1

Internal exceptions (10 events):
Event: 4.982 Thread 0x00007fe58247d000 Exception <a 'java/io/FileNotFoundException'> (0x00000007961c2ae0) thrown at [/Users/java_re/workspace/8-2-build-macosx-x86_64/jdk8u60/4407/hotspot/src/share/vm/prims/jni.cpp, line 709]
Event: 4.983 Thread 0x00007fe58247d000 Exception <a 'java/io/FileNotFoundException'> (0x00000007961c36c0) thrown at [/Users/java_re/workspace/8-2-build-macosx-x86_64/jdk8u60/4407/hotspot/src/share/vm/prims/jni.cpp, line 709]
Event: 4.994 Thread 0x00007fe58247d000 Exception <a 'java/io/FileNotFoundException'> (0x000000079621cee0) thrown at [/Users/java_re/workspace/8-2-build-macosx-x86_64/jdk8u60/4407/hotspot/src/share/vm/prims/jni.cpp, line 709]
Event: 4.994 Thread 0x00007fe58247d000 Exception <a 'java/io/FileNotFoundException'> (0x0000000796222b40) thrown at [/Users/java_re/workspace/8-2-build-macosx-x86_64/jdk8u60/4407/hotspot/src/share/vm/prims/jni.cpp, line 709]
Event: 4.994 Thread 0x00007fe58247d000 Exception <a 'java/io/FileNotFoundException'> (0x0000000796223fc8) thrown at [/Users/java_re/workspace/8-2-build-macosx-x86_64/jdk8u60/4407/hotspot/src/share/vm/prims/jni.cpp, line 709]
Event: 4.994 Thread 0x00007fe58247d000 Exception <a 'java/io/FileNotFoundException'> (0x0000000796224f88) thrown at [/Users/java_re/workspace/8-2-build-macosx-x86_64/jdk8u60/4407/hotspot/src/share/vm/prims/jni.cpp, line 709]
Event: 4.994 Thread 0x00007fe58247d000 Exception <a 'java/io/FileNotFoundException'> (0x0000000796225e70) thrown at [/Users/java_re/workspace/8-2-build-macosx-x86_64/jdk8u60/4407/hotspot/src/share/vm/prims/jni.cpp, line 709]
Event: 4.995 Thread 0x00007fe58247d000 Exception <a 'java/io/FileNotFoundException'> (0x0000000796226c38) thrown at [/Users/java_re/workspace/8-2-build-macosx-x86_64/jdk8u60/4407/hotspot/src/share/vm/prims/jni.cpp, line 709]
Event: 4.995 Thread 0x00007fe58247d000 Exception <a 'java/lang/NullPointerException'> (0x0000000796227880) thrown at [/Users/java_re/workspace/8-2-build-macosx-x86_64/jdk8u60/4407/hotspot/src/share/vm/prims/jvm.cpp, line 1390]
Event: 4.995 Thread 0x00007fe58247d000 Exception <a 'java/lang/NullPointerException'> (0x0000000796227880) thrown at [/Users/java_re/workspace/8-2-build-macosx-x86_64/jdk8u60/4407/hotspot/src/share/vm/prims/jvm.cpp, line 1390]

Events (10 events):
Event: 9.495 loading class java/awt/LightweightDispatcher$2 done
Event: 9.495 loading class java/awt/event/AWTEventListenerProxy
Event: 9.495 loading class java/awt/event/AWTEventListenerProxy done
Event: 9.495 loading class java/awt/Toolkit$ToolkitEventMulticaster
Event: 9.495 loading class java/awt/Toolkit$ToolkitEventMulticaster done
Event: 9.495 Thread 0x00007fe582241000 Thread exited: 0x00007fe582241000
Event: 9.496 loading class java/lang/IllegalThreadStateException
Event: 9.496 loading class java/lang/IllegalThreadStateException done
Event: 9.496 loading class java/awt/Window$1DisposeAction
Event: 9.496 loading class java/awt/Window$1DisposeAction done


Dynamic libraries:
0x000000000690f000 	/System/Library/Frameworks/Cocoa.framework/Versions/A/Cocoa
0x000000000690f000 	/System/Library/Frameworks/Security.framework/Versions/A/Security
0x000000000690f000 	/System/Library/Frameworks/ApplicationServices.framework/Versions/A/ApplicationServices
0x000000000690f000 	/usr/lib/libz.1.dylib
0x000000000690f000 	/usr/lib/libSystem.B.dylib
0x000000000690f000 	/usr/lib/libobjc.A.dylib
0x000000000690f000 	/System/Library/Frameworks/CoreFoundation.framework/Versions/A/CoreFoundation
0x000000000690f000 	/System/Library/Frameworks/Foundation.framework/Versions/C/Foundation
0x000000000690f000 	/System/Library/Frameworks/AppKit.framework/Versions/C/AppKit
0x000000000690f000 	/System/Library/Frameworks/CoreData.framework/Versions/A/CoreData
0x000000000690f000 	/System/Library/PrivateFrameworks/RemoteViewServices.framework/Versions/A/RemoteViewServices
0x000000000690f000 	/System/Library/PrivateFrameworks/UIFoundation.framework/Versions/A/UIFoundation
0x000000000690f000 	/System/Library/Frameworks/IOSurface.framework/Versions/A/IOSurface
0x000000000690f000 	/System/Library/Frameworks/AudioToolbox.framework/Versions/A/AudioToolbox
0x000000000690f000 	/System/Library/Frameworks/AudioUnit.framework/Versions/A/AudioUnit
0x000000000690f000 	/System/Library/PrivateFrameworks/DataDetectorsCore.framework/Versions/A/DataDetectorsCore
0x000000000690f000 	/System/Library/PrivateFrameworks/DesktopServicesPriv.framework/Versions/A/DesktopServicesPriv
0x000000000690f000 	/System/Library/Frameworks/Carbon.framework/Versions/A/Frameworks/HIToolbox.framework/Versions/A/HIToolbox
0x000000000690f000 	/System/Library/Frameworks/QuartzCore.framework/Versions/A/QuartzCore
0x000000000690f000 	/System/Library/Frameworks/Carbon.framework/Versions/A/Frameworks/SpeechRecognition.framework/Versions/A/SpeechRecognition
0x000000000690f000 	/usr/lib/libauto.dylib
0x000000000690f000 	/usr/lib/libicucore.A.dylib
0x000000000690f000 	/usr/lib/libxml2.2.dylib
0x000000000690f000 	/System/Library/PrivateFrameworks/CoreUI.framework/Versions/A/CoreUI
0x000000000690f000 	/System/Library/Frameworks/CoreAudio.framework/Versions/A/CoreAudio
0x000000000690f000 	/System/Library/Frameworks/DiskArbitration.framework/Versions/A/DiskArbitration
0x000000000690f000 	/usr/lib/liblangid.dylib
0x000000000690f000 	/System/Library/PrivateFrameworks/MultitouchSupport.framework/Versions/A/MultitouchSupport
0x000000000690f000 	/System/Library/Frameworks/IOKit.framework/Versions/A/IOKit
0x000000000690f000 	/usr/lib/libDiagnosticMessagesClient.dylib
0x000000000690f000 	/System/Library/Frameworks/CoreServices.framework/Versions/A/CoreServices
0x000000000690f000 	/System/Library/PrivateFrameworks/PerformanceAnalysis.framework/Versions/A/PerformanceAnalysis
0x000000000690f000 	/System/Library/PrivateFrameworks/GenerationalStorage.framework/Versions/A/GenerationalStorage
0x000000000690f000 	/System/Library/Frameworks/OpenGL.framework/Versions/A/OpenGL
0x000000000690f000 	/System/Library/PrivateFrameworks/Sharing.framework/Versions/A/Sharing
0x000000000690f000 	/System/Library/Frameworks/CoreGraphics.framework/Versions/A/CoreGraphics
0x000000000690f000 	/System/Library/Frameworks/CoreText.framework/Versions/A/CoreText
0x000000000690f000 	/System/Library/Frameworks/ImageIO.framework/Versions/A/ImageIO
0x000000000690f000 	/usr/lib/libextension.dylib
0x000000000690f000 	/System/Library/PrivateFrameworks/Backup.framework/Versions/A/Backup
0x000000000690f000 	/usr/lib/libarchive.2.dylib
0x000000000690f000 	/System/Library/Frameworks/CFNetwork.framework/Versions/A/CFNetwork
0x000000000690f000 	/System/Library/Frameworks/SystemConfiguration.framework/Versions/A/SystemConfiguration
0x000000000690f000 	/usr/lib/libCRFSuite.dylib
0x000000000690f000 	/usr/lib/libc++.1.dylib
0x000000000690f000 	/usr/lib/libc++abi.dylib
0x000000000690f000 	/usr/lib/system/libcache.dylib
0x000000000690f000 	/usr/lib/system/libcommonCrypto.dylib
0x000000000690f000 	/usr/lib/system/libcompiler_rt.dylib
0x000000000690f000 	/usr/lib/system/libcopyfile.dylib
0x000000000690f000 	/usr/lib/system/libcorecrypto.dylib
0x000000000690f000 	/usr/lib/system/libdispatch.dylib
0x000000000690f000 	/usr/lib/system/libdyld.dylib
0x000000000690f000 	/usr/lib/system/libkeymgr.dylib
0x000000000690f000 	/usr/lib/system/liblaunch.dylib
0x000000000690f000 	/usr/lib/system/libmacho.dylib
0x000000000690f000 	/usr/lib/system/libquarantine.dylib
0x000000000690f000 	/usr/lib/system/libremovefile.dylib
0x000000000690f000 	/usr/lib/system/libsystem_asl.dylib
0x000000000690f000 	/usr/lib/system/libsystem_blocks.dylib
0x000000000690f000 	/usr/lib/system/libsystem_c.dylib
0x000000000690f000 	/usr/lib/system/libsystem_configuration.dylib
0x000000000690f000 	/usr/lib/system/libsystem_coreservices.dylib
0x000000000690f000 	/usr/lib/system/libsystem_coretls.dylib
0x000000000690f000 	/usr/lib/system/libsystem_dnssd.dylib
0x000000000690f000 	/usr/lib/system/libsystem_info.dylib
0x000000000690f000 	/usr/lib/system/libsystem_kernel.dylib
0x000000000690f000 	/usr/lib/system/libsystem_m.dylib
0x000000000690f000 	/usr/lib/system/libsystem_malloc.dylib
0x000000000690f000 	/usr/lib/system/libsystem_network.dylib
0x000000000690f000 	/usr/lib/system/libsystem_networkextension.dylib
0x000000000690f000 	/usr/lib/system/libsystem_notify.dylib
0x000000000690f000 	/usr/lib/system/libsystem_platform.dylib
0x000000000690f000 	/usr/lib/system/libsystem_pthread.dylib
0x000000000690f000 	/usr/lib/system/libsystem_sandbox.dylib
0x000000000690f000 	/usr/lib/system/libsystem_secinit.dylib
0x000000000690f000 	/usr/lib/system/libsystem_stats.dylib
0x000000000690f000 	/usr/lib/system/libsystem_trace.dylib
0x000000000690f000 	/usr/lib/system/libunc.dylib
0x000000000690f000 	/usr/lib/system/libunwind.dylib
0x000000000690f000 	/usr/lib/system/libxpc.dylib
0x000000000690f000 	/usr/lib/libbz2.1.0.dylib
0x000000000690f000 	/usr/lib/liblzma.5.dylib
0x000000000690f000 	/usr/lib/libbsm.0.dylib
0x000000000690f000 	/usr/lib/libsqlite3.dylib
0x000000000690f000 	/usr/lib/system/libkxld.dylib
0x000000000690f000 	/usr/lib/libxar.1.dylib
0x000000000690f000 	/usr/lib/libpam.2.dylib
0x000000000690f000 	/usr/lib/libOpenScriptingUtil.dylib
0x000000000690f000 	/System/Library/Frameworks/CoreServices.framework/Versions/A/Frameworks/FSEvents.framework/Versions/A/FSEvents
0x000000000690f000 	/System/Library/Frameworks/CoreServices.framework/Versions/A/Frameworks/CarbonCore.framework/Versions/A/CarbonCore
0x000000000690f000 	/System/Library/Frameworks/CoreServices.framework/Versions/A/Frameworks/Metadata.framework/Versions/A/Metadata
0x000000000690f000 	/System/Library/Frameworks/CoreServices.framework/Versions/A/Frameworks/OSServices.framework/Versions/A/OSServices
0x000000000690f000 	/System/Library/Frameworks/CoreServices.framework/Versions/A/Frameworks/SearchKit.framework/Versions/A/SearchKit
0x000000000690f000 	/System/Library/Frameworks/CoreServices.framework/Versions/A/Frameworks/AE.framework/Versions/A/AE
0x000000000690f000 	/System/Library/Frameworks/CoreServices.framework/Versions/A/Frameworks/LaunchServices.framework/Versions/A/LaunchServices
0x000000000690f000 	/System/Library/Frameworks/CoreServices.framework/Versions/A/Frameworks/DictionaryServices.framework/Versions/A/DictionaryServices
0x000000000690f000 	/System/Library/Frameworks/NetFS.framework/Versions/A/NetFS
0x000000000690f000 	/System/Library/PrivateFrameworks/NetAuth.framework/Versions/A/NetAuth
0x000000000690f000 	/System/Library/PrivateFrameworks/login.framework/Versions/A/Frameworks/loginsupport.framework/Versions/A/loginsupport
0x000000000690f000 	/System/Library/PrivateFrameworks/TCC.framework/Versions/A/TCC
0x000000000690f000 	/usr/lib/libmecabra.dylib
0x000000000690f000 	/System/Library/Frameworks/ApplicationServices.framework/Versions/A/Frameworks/ATS.framework/Versions/A/ATS
0x000000000690f000 	/System/Library/Frameworks/ApplicationServices.framework/Versions/A/Frameworks/ColorSync.framework/Versions/A/ColorSync
0x000000000690f000 	/System/Library/Frameworks/ApplicationServices.framework/Versions/A/Frameworks/HIServices.framework/Versions/A/HIServices
0x000000000690f000 	/System/Library/Frameworks/ApplicationServices.framework/Versions/A/Frameworks/LangAnalysis.framework/Versions/A/LangAnalysis
0x000000000690f000 	/System/Library/Frameworks/ApplicationServices.framework/Versions/A/Frameworks/PrintCore.framework/Versions/A/PrintCore
0x000000000690f000 	/System/Library/Frameworks/ApplicationServices.framework/Versions/A/Frameworks/QD.framework/Versions/A/QD
0x000000000690f000 	/System/Library/Frameworks/ApplicationServices.framework/Versions/A/Frameworks/SpeechSynthesis.framework/Versions/A/SpeechSynthesis
0x000000000690f000 	/System/Library/Frameworks/Accelerate.framework/Versions/A/Accelerate
0x000000000690f000 	/System/Library/Frameworks/Accelerate.framework/Versions/A/Frameworks/vImage.framework/Versions/A/vImage
0x000000000690f000 	/System/Library/Frameworks/Accelerate.framework/Versions/A/Frameworks/vecLib.framework/Versions/A/vecLib
0x000000000690f000 	/System/Library/Frameworks/Accelerate.framework/Versions/A/Frameworks/vecLib.framework/Versions/A/libvDSP.dylib
0x000000000690f000 	/System/Library/Frameworks/Accelerate.framework/Versions/A/Frameworks/vecLib.framework/Versions/A/libvMisc.dylib
0x000000000690f000 	/System/Library/Frameworks/Accelerate.framework/Versions/A/Frameworks/vecLib.framework/Versions/A/libLAPACK.dylib
0x000000000690f000 	/System/Library/Frameworks/Accelerate.framework/Versions/A/Frameworks/vecLib.framework/Versions/A/libBLAS.dylib
0x000000000690f000 	/System/Library/Frameworks/Accelerate.framework/Versions/A/Frameworks/vecLib.framework/Versions/A/libLinearAlgebra.dylib
0x000000000690f000 	/System/Library/Frameworks/ApplicationServices.framework/Versions/A/Frameworks/ATS.framework/Versions/A/Resources/libFontParser.dylib
0x000000000690f000 	/System/Library/Frameworks/ApplicationServices.framework/Versions/A/Frameworks/ATS.framework/Versions/A/Resources/libFontRegistry.dylib
0x000000000690f000 	/System/Library/PrivateFrameworks/AppleVPA.framework/Versions/A/AppleVPA
0x000000000690f000 	/System/Library/PrivateFrameworks/AppleJPEG.framework/Versions/A/AppleJPEG
0x000000000690f000 	/System/Library/Frameworks/ImageIO.framework/Versions/A/Resources/libJPEG.dylib
0x000000000690f000 	/System/Library/Frameworks/ImageIO.framework/Versions/A/Resources/libTIFF.dylib
0x000000000690f000 	/System/Library/Frameworks/ImageIO.framework/Versions/A/Resources/libPng.dylib
0x000000000690f000 	/System/Library/Frameworks/ImageIO.framework/Versions/A/Resources/libGIF.dylib
0x000000000690f000 	/System/Library/Frameworks/ImageIO.framework/Versions/A/Resources/libJP2.dylib
0x000000000690f000 	/System/Library/Frameworks/ImageIO.framework/Versions/A/Resources/libRadiance.dylib
0x000000000690f000 	/System/Library/Frameworks/CoreVideo.framework/Versions/A/CoreVideo
0x000000000690f000 	/System/Library/Frameworks/OpenGL.framework/Versions/A/Libraries/libGLU.dylib
0x000000000690f000 	/System/Library/Frameworks/OpenGL.framework/Versions/A/Libraries/libGFXShared.dylib
0x000000000690f000 	/System/Library/Frameworks/OpenGL.framework/Versions/A/Libraries/libGL.dylib
0x000000000690f000 	/System/Library/Frameworks/OpenGL.framework/Versions/A/Libraries/libGLImage.dylib
0x000000000690f000 	/System/Library/Frameworks/OpenGL.framework/Versions/A/Libraries/libCVMSPluginSupport.dylib
0x000000000690f000 	/System/Library/Frameworks/OpenGL.framework/Versions/A/Libraries/libCoreVMClient.dylib
0x000000000690f000 	/usr/lib/libcups.2.dylib
0x000000000690f000 	/System/Library/Frameworks/Kerberos.framework/Versions/A/Kerberos
0x000000000690f000 	/System/Library/Frameworks/GSS.framework/Versions/A/GSS
0x000000000690f000 	/usr/lib/libresolv.9.dylib
0x000000000690f000 	/usr/lib/libiconv.2.dylib
0x000000000690f000 	/System/Library/PrivateFrameworks/Heimdal.framework/Versions/A/Heimdal
0x000000000690f000 	/usr/lib/libheimdal-asn1.dylib
0x000000000690f000 	/System/Library/Frameworks/OpenDirectory.framework/Versions/A/OpenDirectory
0x000000000690f000 	/System/Library/PrivateFrameworks/CommonAuth.framework/Versions/A/CommonAuth
0x000000000690f000 	/System/Library/Frameworks/OpenDirectory.framework/Versions/A/Frameworks/CFOpenDirectory.framework/Versions/A/CFOpenDirectory
0x000000000690f000 	/System/Library/Frameworks/SecurityFoundation.framework/Versions/A/SecurityFoundation
0x000000000690f000 	/System/Library/PrivateFrameworks/LanguageModeling.framework/Versions/A/LanguageModeling
0x000000000690f000 	/usr/lib/libcmph.dylib
0x000000000690f000 	/System/Library/Frameworks/ServiceManagement.framework/Versions/A/ServiceManagement
0x000000000690f000 	/usr/lib/libxslt.1.dylib
0x000000000690f000 	/System/Library/Frameworks/Carbon.framework/Versions/A/Frameworks/Ink.framework/Versions/A/Ink
0x000000000690f000 	/System/Library/Frameworks/QuartzCore.framework/Versions/A/Frameworks/CoreImage.framework/Versions/A/CoreImage
0x000000000690f000 	/System/Library/PrivateFrameworks/CrashReporterSupport.framework/Versions/A/CrashReporterSupport
0x000000000690f000 	/System/Library/Frameworks/OpenCL.framework/Versions/A/OpenCL
0x000000000690f000 	/System/Library/PrivateFrameworks/FaceCore.framework/Versions/A/FaceCore
0x000000000690f000 	/System/Library/PrivateFrameworks/Ubiquity.framework/Versions/A/Ubiquity
0x000000000690f000 	/System/Library/PrivateFrameworks/IconServices.framework/Versions/A/IconServices
0x000000000690f000 	/System/Library/PrivateFrameworks/ChunkingLibrary.framework/Versions/A/ChunkingLibrary
0x000000000690f000 	/System/Library/PrivateFrameworks/Apple80211.framework/Versions/A/Apple80211
0x000000000690f000 	/System/Library/Frameworks/CoreWLAN.framework/Versions/A/CoreWLAN
0x000000000690f000 	/System/Library/Frameworks/IOBluetooth.framework/Versions/A/IOBluetooth
0x000000000690f000 	/System/Library/PrivateFrameworks/CoreWiFi.framework/Versions/A/CoreWiFi
0x000000000690f000 	/System/Library/Frameworks/CoreBluetooth.framework/Versions/A/CoreBluetooth
0x000000000690f000 	/System/Library/PrivateFrameworks/DebugSymbols.framework/Versions/A/DebugSymbols
0x000000000690f000 	/System/Library/PrivateFrameworks/CoreSymbolication.framework/Versions/A/CoreSymbolication
0x000000000690f000 	/System/Library/PrivateFrameworks/Symbolication.framework/Versions/A/Symbolication
0x000000000690f000 	/System/Library/PrivateFrameworks/SpeechRecognitionCore.framework/Versions/A/SpeechRecognitionCore
0x0000000107be4000 	/Library/Java/JavaVirtualMachines/jdk1.8.0_60.jdk/Contents/Home/jre/lib/server/libjvm.dylib
0x000000000690f000 	/usr/lib/libstdc++.6.dylib
0x0000000108b84000 	/Library/Java/JavaVirtualMachines/jdk1.8.0_60.jdk/Contents/Home/jre/lib/libverify.dylib
0x0000000108b92000 	/Library/Java/JavaVirtualMachines/jdk1.8.0_60.jdk/Contents/Home/jre/lib/libjava.dylib
0x0000000108bd1000 	/Library/Java/JavaVirtualMachines/jdk1.8.0_60.jdk/Contents/Home/jre/lib/libzip.dylib
0x000000011f55a000 	/System/Library/Frameworks/JavaVM.framework/Frameworks/JavaRuntimeSupport.framework/JavaRuntimeSupport
0x000000011f572000 	/System/Library/Frameworks/JavaVM.framework/Versions/A/Frameworks/JavaNativeFoundation.framework/Versions/A/JavaNativeFoundation
0x000000011f587000 	/System/Library/Frameworks/JavaVM.framework/Versions/A/JavaVM
0x000000000690f000 	/System/Library/Frameworks/Carbon.framework/Versions/A/Carbon
0x000000011f594000 	/System/Library/PrivateFrameworks/JavaLaunching.framework/Versions/A/JavaLaunching
0x000000000690f000 	/System/Library/Frameworks/Carbon.framework/Versions/A/Frameworks/CommonPanels.framework/Versions/A/CommonPanels
0x000000000690f000 	/System/Library/Frameworks/Carbon.framework/Versions/A/Frameworks/Help.framework/Versions/A/Help
0x000000000690f000 	/System/Library/Frameworks/Carbon.framework/Versions/A/Frameworks/ImageCapture.framework/Versions/A/ImageCapture
0x000000000690f000 	/System/Library/Frameworks/Carbon.framework/Versions/A/Frameworks/OpenScripting.framework/Versions/A/OpenScripting
0x000000000690f000 	/System/Library/Frameworks/Carbon.framework/Versions/A/Frameworks/Print.framework/Versions/A/Print
0x000000000690f000 	/System/Library/Frameworks/Carbon.framework/Versions/A/Frameworks/SecurityHI.framework/Versions/A/SecurityHI
0x00000001214c5000 	/Library/Java/JavaVirtualMachines/jdk1.8.0_60.jdk/Contents/Home/jre/lib/libawt.dylib
0x000000012156d000 	/Library/Java/JavaVirtualMachines/jdk1.8.0_60.jdk/Contents/Home/jre/lib/./libmlib_image.dylib
0x0000000121639000 	/Library/Java/JavaVirtualMachines/jdk1.8.0_60.jdk/Contents/Home/jre/lib/libawt_lwawt.dylib
0x00000001216ee000 	/Library/Java/JavaVirtualMachines/jdk1.8.0_60.jdk/Contents/Home/jre/lib/./libosxapp.dylib
0x000000000690f000 	/System/Library/Frameworks/ExceptionHandling.framework/Versions/A/ExceptionHandling
0x000000000690f000 	/System/Library/PrivateFrameworks/CoreServicesInternal.framework/Versions/A/CoreServicesInternal
0x000000000690f000 	/System/Library/PrivateFrameworks/CloudDocs.framework/Versions/A/CloudDocs
0x000000000690f000 	/System/Library/PrivateFrameworks/CoreDuet.framework/Versions/A/CoreDuet
0x000000000690f000 	/System/Library/Frameworks/CloudKit.framework/Versions/A/CloudKit
0x000000000690f000 	/System/Library/PrivateFrameworks/ProtocolBuffer.framework/Versions/A/ProtocolBuffer
0x000000000690f000 	/System/Library/PrivateFrameworks/CoreDuetDaemonProtocol.framework/Versions/A/CoreDuetDaemonProtocol
0x000000000690f000 	/System/Library/PrivateFrameworks/CoreDuetDebugLogging.framework/Versions/A/CoreDuetDebugLogging
0x000000000690f000 	/System/Library/PrivateFrameworks/MMCS.framework/Versions/A/MMCS
0x000000000690f000 	/System/Library/Frameworks/CoreLocation.framework/Versions/A/CoreLocation
0x000000000690f000 	/System/Library/PrivateFrameworks/ProtectedCloudStorage.framework/Versions/A/ProtectedCloudStorage
0x000000000690f000 	/System/Library/PrivateFrameworks/GeoServices.framework/Versions/A/GeoServices
0x000000000690f000 	/System/Library/Frameworks/CoreGraphics.framework/Versions/A/Resources/libCGCMS.A.dylib
0x000000000690f000 	/System/Library/Frameworks/CoreGraphics.framework/Versions/A/Resources/libRIP.A.dylib
0x000000000690f000 	/System/Library/Frameworks/CoreGraphics.framework/Versions/A/Resources/libCGXType.A.dylib
0x000000000690f000 	/System/Library/Frameworks/OpenCL.framework/Versions/A/Libraries/libcldcpuengine.dylib
0x000000000690f000 	/System/Library/PrivateFrameworks/DiskImages.framework/Versions/A/DiskImages
0x000000000690f000 	/System/Library/Frameworks/DiscRecording.framework/Versions/A/DiscRecording
0x000000000690f000 	/usr/lib/libcsfde.dylib
0x000000000690f000 	/usr/lib/libcurl.4.dylib
0x000000000690f000 	/System/Library/PrivateFrameworks/MediaKit.framework/Versions/A/MediaKit
0x000000000690f000 	/usr/lib/libCoreStorage.dylib
0x000000000690f000 	/System/Library/PrivateFrameworks/EFILogin.framework/Versions/A/EFILogin
0x000000000690f000 	/usr/lib/libutil.dylib
0x000000000690f000 	/System/Library/PrivateFrameworks/FindMyDevice.framework/Versions/A/FindMyDevice
0x000000000690f000 	/System/Library/Frameworks/LDAP.framework/Versions/A/LDAP
0x000000000690f000 	/usr/lib/libsasl2.2.dylib
0x000000000690f000 	/System/Library/PrivateFrameworks/CoreDaemon.framework/Versions/B/CoreDaemon
0x000000000690f000 	/usr/lib/libcrypto.0.9.8.dylib
0x000000000690f000 	/System/Library/PrivateFrameworks/AppleSRP.framework/Versions/A/AppleSRP
0x000000000690f000 	/System/Library/PrivateFrameworks/TrustEvaluationAgent.framework/Versions/A/TrustEvaluationAgent
0x00000001249ae000 	cl_kernels
0x00000001249b0000 	/System/Library/Frameworks/OpenCL.framework/Versions/A/Libraries/ImageFormats/unorm8_bgra.dylib
0x00000001249a0000 	cl_kernels
0x000000000690f000 	/System/Library/PrivateFrameworks/FamilyControls.framework/Versions/A/FamilyControls
0x000000000690f000 	/System/Library/PrivateFrameworks/CommerceKit.framework/Versions/A/Frameworks/CommerceCore.framework/Versions/A/CommerceCore
0x000000000690f000 	/System/Library/PrivateFrameworks/SystemAdministration.framework/Versions/A/SystemAdministration
0x000000000690f000 	/System/Library/PrivateFrameworks/AppContainer.framework/Versions/A/AppContainer
0x000000000690f000 	/System/Library/PrivateFrameworks/SecCodeWrapper.framework/Versions/A/SecCodeWrapper
0x000000000690f000 	/System/Library/Frameworks/DirectoryService.framework/Versions/A/DirectoryService
0x000000000690f000 	/System/Library/PrivateFrameworks/LoginUIKit.framework/Versions/A/Frameworks/LoginUICore.framework/Versions/A/LoginUICore
0x000000000690f000 	/usr/lib/libodfde.dylib
0x000000000690f000 	/System/Library/Frameworks/OpenGL.framework/Versions/A/Resources/GLEngine.bundle/GLEngine
0x000000000690f000 	/System/Library/Frameworks/OpenGL.framework/Versions/A/Libraries/libGLProgrammability.dylib
0x0000000125d58000 	/System/Library/Extensions/AppleIntelHD5000GraphicsGLDriver.bundle/Contents/MacOS/AppleIntelHD5000GraphicsGLDriver
0x000000000690f000 	/System/Library/PrivateFrameworks/IOAccelerator.framework/Versions/A/IOAccelerator
0x000000000690f000 	/System/Library/PrivateFrameworks/GPUSupport.framework/Versions/A/Libraries/libGPUSupportMercury.dylib
0x000000000690f000 	/System/Library/Frameworks/OpenGL.framework/Versions/A/Resources/GLRendererFloat.bundle/GLRendererFloat
0x0000000126dde000 	/Library/Java/JavaVirtualMachines/jdk1.8.0_60.jdk/Contents/Home/jre/lib/libfontmanager.dylib
0x0000000128077000 	/Library/Java/JavaVirtualMachines/jdk1.8.0_60.jdk/Contents/Home/jre/lib/libosxui.dylib
0x000000012832b000 	/Library/Java/JavaVirtualMachines/jdk1.8.0_60.jdk/Contents/Home/jre/lib/libnet.dylib
0x0000000128342000 	/Library/Java/JavaVirtualMachines/jdk1.8.0_60.jdk/Contents/Home/jre/lib/libnio.dylib
0x000000000690f000 	/System/Library/Frameworks/ApplicationServices.framework/Versions/A/Frameworks/ATS.framework/Versions/A/Resources/libTrueTypeScaler.dylib
0x0000000187f5e000 	/private/var/folders/dz/9hrfz2z97n7f22lrjdqgm2sh0000gn/T/jogamp_0000/file_cache/jln7907727120517474609/jln1801654585378339858/libgluegen-rt.jnilib
0x0000000187f62000 	/private/var/folders/dz/9hrfz2z97n7f22lrjdqgm2sh0000gn/T/jogamp_0000/file_cache/jln7907727120517474609/jln1801654585378339858/libnativewindow_awt.jnilib
0x0000000187f65000 	/Library/Java/JavaVirtualMachines/jdk1.8.0_60.jdk/Contents/Home/jre/lib/libjawt.dylib
0x0000000187fac000 	/private/var/folders/dz/9hrfz2z97n7f22lrjdqgm2sh0000gn/T/jogamp_0000/file_cache/jln7907727120517474609/jln1801654585378339858/libnativewindow_macosx.jnilib
0x0000000188ae9000 	/private/var/folders/dz/9hrfz2z97n7f22lrjdqgm2sh0000gn/T/jogamp_0000/file_cache/jln7907727120517474609/jln1801654585378339858/libjogl_desktop.jnilib

VM Arguments:
jvm_args: -Djava.security.policy=java.policy.applet -Dfile.encoding=UTF-8 
java_command: sun.applet.AppletViewer LifeExpectancy1443463673218.html
java_class_path (initial): /Users/tabutcu/Documents/workspace/VisualAge/build:/Users/tabutcu/Documents/workspace/VisualAge/lib/core.jar:/Users/tabutcu/Documents/workspace/VisualAge/lib/gluegen-rt.jar:/Users/tabutcu/Documents/workspace/VisualAge/lib/jogl-all.jar:/Users/tabutcu/Documents/workspace/VisualAge/lib/log4j-1.2.15.jar:/Users/tabutcu/Documents/workspace/VisualAge/lib/sqlite-jdbc-3.7.2.jar:/Users/tabutcu/Documents/workspace/VisualAge/lib/json4processing.jar:/Users/tabutcu/Documents/workspace/VisualAge/lib/libTUIO.jar:/Users/tabutcu/Documents/workspace/VisualAge/lib/unfolding.0.9.6.jar
Launcher Type: SUN_STANDARD

Environment Variables:
PATH=/usr/bin:/bin:/usr/sbin:/sbin
SHELL=/bin/bash
DISPLAY=/private/tmp/com.apple.launchd.SWyVFXtYED/org.macosforge.xquartz:0

Signal Handlers:
SIGSEGV: [libjvm.dylib+0x5a6d31], sa_mask[0]=11111111011111110111111111111111, sa_flags=SA_ONSTACK|SA_RESTART|SA_SIGINFO
SIGBUS: [libjvm.dylib+0x5a6d31], sa_mask[0]=11111111011111110111111111111111, sa_flags=SA_RESTART|SA_SIGINFO
SIGFPE: [libjvm.dylib+0x480a4c], sa_mask[0]=11111111011111110111111111111111, sa_flags=SA_RESTART|SA_SIGINFO
SIGPIPE: [libjvm.dylib+0x480a4c], sa_mask[0]=11111111011111110111111111111111, sa_flags=SA_RESTART|SA_SIGINFO
SIGXFSZ: [libjvm.dylib+0x480a4c], sa_mask[0]=11111111011111110111111111111111, sa_flags=SA_RESTART|SA_SIGINFO
SIGILL: [libjvm.dylib+0x480a4c], sa_mask[0]=11111111011111110111111111111111, sa_flags=SA_RESTART|SA_SIGINFO
SIGUSR1: SIG_DFL, sa_mask[0]=00000000000000000000000000000000, sa_flags=none
SIGUSR2: [libjvm.dylib+0x48056a], sa_mask[0]=00100000000000000000000000000000, sa_flags=SA_RESTART|SA_SIGINFO
SIGHUP: [libjvm.dylib+0x47eb41], sa_mask[0]=11111111011111110111111111111111, sa_flags=SA_RESTART|SA_SIGINFO
SIGINT: [libjvm.dylib+0x47eb41], sa_mask[0]=11111111011111110111111111111111, sa_flags=SA_RESTART|SA_SIGINFO
SIGTERM: [libjvm.dylib+0x47eb41], sa_mask[0]=11111111011111110111111111111111, sa_flags=SA_RESTART|SA_SIGINFO
SIGQUIT: [libjvm.dylib+0x47eb41], sa_mask[0]=11111111011111110111111111111111, sa_flags=SA_RESTART|SA_SIGINFO


---------------  S Y S T E M  ---------------

OS:Bsduname:Darwin 14.5.0 Darwin Kernel Version 14.5.0: Wed Jul 29 02:26:53 PDT 2015; root:xnu-2782.40.9~1/RELEASE_X86_64 x86_64
rlimit: STACK 8192k, CORE 0k, NPROC 709, NOFILE 10240, AS infinity
load average:2.70 2.88 3.06

CPU:total 4 (2 cores per cpu, 2 threads per core) family 6 model 69 stepping 1, cmov, cx8, fxsr, mmx, sse, sse2, sse3, ssse3, sse4.1, sse4.2, popcnt, avx, avx2, aes, clmul, erms, lzcnt, ht, tsc, tscinvbit, bmi1, bmi2

Memory: 4k page, physical 8388608k(48716k free)

/proc/meminfo:


vm_info: Java HotSpot(TM) 64-Bit Server VM (25.60-b23) for bsd-amd64 JRE (1.8.0_60-b27), built on Aug  4 2015 10:47:24 by "java_re" with gcc 4.2.1 (Based on Apple Inc. build 5658) (LLVM build 2336.11.00)

time: Mon Sep 28 13:08:02 2015
elapsed time: 9 seconds (0d 0h 0m 9s)

