#
# A fatal error has been detected by the Java Runtime Environment:
#
#  SIGSEGV (0xb) at pc=0x00007fff886770dd, pid=4360, tid=1811
#
# JRE version: Java(TM) SE Runtime Environment (8.0_60-b27) (build 1.8.0_60-b27)
# Java VM: Java HotSpot(TM) 64-Bit Server VM (25.60-b23 mixed mode bsd-amd64 compressed oops)
# Problematic frame:
# C  [libobjc.A.dylib+0x10dd]  objc_msgSend+0x1d
#
# Failed to write core dump. Core dumps have been disabled. To enable core dumping, try "ulimit -c unlimited" before starting Java again
#
# If you would like to submit a bug report, please visit:
#   http://bugreport.java.com/bugreport/crash.jsp
# The crash happened outside the Java Virtual Machine in native code.
# See problematic frame for where to report the bug.
#

---------------  T H R E A D  ---------------

Current thread (0x00007fce6a8a7000):  JavaThread "AWT-AppKit" daemon [_thread_in_native, id=1811, stack(0x00007fff59bd3000,0x00007fff5a3d3000)]

siginfo: si_signo: 11 (SIGSEGV), si_code: 1 (SEGV_MAPERR), si_addr: 0x0000000000000018

Registers:
RAX=0x00007fce6e612260, RBX=0x0000000185fe23b0, RCX=0x0000000125ed36c0, RDX=0x0000000124d15320
RSP=0x00007fff5a3ce5d8, RBP=0x00007fff5a3ce690, RSI=0x00007fff8dcbc40f, RDI=0x00007fce6e810b70
R8 =0x0000000000000000, R9 =0x0000000000000f50, R10=0x00007fff8dcbc40f, R11=0x0000000000000000
R12=0x0000000000000000, R13=0x0000000189c6e198, R14=0x0000000185fe23a0, R15=0x00007fce6a8a7000
RIP=0x00007fff886770dd, EFLAGS=0x0000000000010246, ERR=0x0000000000000004
  TRAPNO=0x000000000000000e

Top of Stack: (sp=0x00007fff5a3ce5d8)
0x00007fff5a3ce5d8:   0000000185fe05d7 00007fff5a3ce630
0x00007fff5a3ce5e8:   0000000000000003 00007fff5a3ce610
0x00007fff5a3ce5f8:   0000000105b1d992 0000000189c6e198
0x00007fff5a3ce608:   0000000189c6e198 00007fce6e612260
0x00007fff5a3ce618:   0000000185fe25c0 0000000185fe2640
0x00007fff5a3ce628:   0000000185fe23b0 00007fff7783d550
0x00007fff5a3ce638:   0000000185fe25d0 00007fff7828ec80
0x00007fff5a3ce648:   00007fce6e612260 00007fce6e810b70
0x00007fff5a3ce658:   00007fce69e4ec10 00007fce6e612260
0x00007fff5a3ce668:   00007fce6e810b70 00007fff5a3ce710
0x00007fff5a3ce678:   00007fce6a8a71f8 0000000189c6e198
0x00007fff5a3ce688:   00007fff5a3ce738 00007fff5a3ce700
0x00007fff5a3ce698:   000000010724a954 00007fff5a3ce700
0x00007fff5a3ce6a8:   000000010724a6d9 0000000107256823
0x00007fff5a3ce6b8:   000000010724a6a2 00007fff5a3ce6c0
0x00007fff5a3ce6c8:   0000000189c6e198 00007fff5a3ce738
0x00007fff5a3ce6d8:   0000000189c6f7d8 0000000000000000
0x00007fff5a3ce6e8:   0000000189c6e198 0000000000000000
0x00007fff5a3ce6f8:   00007fff5a3ce720 00007fff5a3ce780
0x00007fff5a3ce708:   000000010723cc4d 0000000795e67700
0x00007fff5a3ce718:   0000000107244578 00007fce6e612260
0x00007fff5a3ce728:   0000000107245db9 00007fce6e810b70
0x00007fff5a3ce738:   0000000107245d82 00007fff5a3ce740
0x00007fff5a3ce748:   0000000189c6e362 00007fff5a3ce7a8
0x00007fff5a3ce758:   0000000189c6f7d8 0000000000000000
0x00007fff5a3ce768:   0000000189c6e370 00007fff5a3ce720
0x00007fff5a3ce778:   00007fff5a3ce790 00007fff5a3ce7f0
0x00007fff5a3ce788:   000000010723cc4d 00007fce6e612260
0x00007fff5a3ce798:   0000000795e72b08 00007fce6e810b70
0x00007fff5a3ce7a8:   0000000795e72b08 00007fff5a3ce7b0
0x00007fff5a3ce7b8:   0000000189d05e7e 00007fff5a3ce800
0x00007fff5a3ce7c8:   0000000189d05f38 0000000000000000 

Instructions: (pc=0x00007fff886770dd)
0x00007fff886770bd:   00 00 00 48 85 ff 2e 74 7a 40 f6 c7 01 2e 75 7e
0x00007fff886770cd:   49 bb f8 ff ff ff ff 7f 00 00 4c 23 1f 49 89 f2
0x00007fff886770dd:   45 23 53 18 49 c1 e2 04 4d 03 53 10 49 3b 32 75
0x00007fff886770ed:   04 41 ff 62 08 49 83 3a 00 74 6a 4d 3b 53 10 74 

Register to memory mapping:

RAX=0x00007fce6e612260 is an unknown value
RBX=0x0000000185fe23b0: Java_jogamp_nativewindow_macosx_OSXUtil_GetScreenRefreshRate0+0x1850 in /private/var/folders/dz/9hrfz2z97n7f22lrjdqgm2sh0000gn/T/jogamp_0000/file_cache/jln8731030073324561223/jln1837711617842648969/libnativewindow_macosx.jnilib at 0x0000000185fdb000
RCX=0x0000000125ed36c0 is an unknown value
RDX=0x0000000124d15320 is an unknown value
RSP=0x00007fff5a3ce5d8 is pointing into the stack for thread: 0x00007fce6a8a7000
RBP=0x00007fff5a3ce690 is pointing into the stack for thread: 0x00007fce6a8a7000
RSI=0x00007fff8dcbc40f is an unknown value
RDI=0x00007fce6e810b70 is an unknown value
R8 =0x0000000000000000 is an unknown value
R9 =0x0000000000000f50 is an unknown value
R10=0x00007fff8dcbc40f is an unknown value
R11=0x0000000000000000 is an unknown value
R12=0x0000000000000000 is an unknown value
R13={method} {0x0000000189c6e198} 'UnsetJAWTRootSurfaceLayer0' '(JJ)V' in 'jogamp/nativewindow/jawt/macosx/MacOSXJAWTWindow'
R14=0x0000000185fe23a0: Java_jogamp_nativewindow_macosx_OSXUtil_GetScreenRefreshRate0+0x1840 in /private/var/folders/dz/9hrfz2z97n7f22lrjdqgm2sh0000gn/T/jogamp_0000/file_cache/jln8731030073324561223/jln1837711617842648969/libnativewindow_macosx.jnilib at 0x0000000185fdb000
R15=0x00007fce6a8a7000 is a thread


Stack: [0x00007fff59bd3000,0x00007fff5a3d3000],  sp=0x00007fff5a3ce5d8,  free space=8173k
Native frames: (J=compiled Java code, j=interpreted, Vv=VM code, C=native code)
C  [libobjc.A.dylib+0x10dd]  objc_msgSend+0x1d
j  jogamp.nativewindow.jawt.macosx.MacOSXJAWTWindow.UnsetJAWTRootSurfaceLayer0(JJ)V+0
j  jogamp.nativewindow.jawt.macosx.MacOSXJAWTWindow.access$200(JJ)V+2
j  jogamp.nativewindow.jawt.macosx.MacOSXJAWTWindow$1.run()V+38
j  com.jogamp.common.util.RunnableTask.run()V+24
v  ~StubRoutines::call_stub
V  [libjvm.dylib+0x2eab0e]  JavaCalls::call_helper(JavaValue*, methodHandle*, JavaCallArguments*, Thread*)+0x6ae
V  [libjvm.dylib+0x321bb7]  jni_invoke_nonstatic(JNIEnv_*, JavaValue*, _jobject*, JNICallType, _jmethodID*, JNI_ArgumentPusher*, Thread*)+0x2ec
V  [libjvm.dylib+0x31438b]  jni_CallVoidMethod+0x16b
C  [libnativewindow_macosx.jnilib+0x57ae]  Java_jogamp_nativewindow_jawt_macosx_MacOSXJAWTWindow_UnsetJAWTRootSurfaceLayer0+0x2be
C  [Foundation+0x92dd0]  __NSThreadPerformPerform+0x125
C  [CoreFoundation+0x80a01]  __CFRUNLOOP_IS_CALLING_OUT_TO_A_SOURCE0_PERFORM_FUNCTION__+0x11
C  [CoreFoundation+0x72c5c]  __CFRunLoopDoSources0+0x1dc
C  [CoreFoundation+0x721bf]  __CFRunLoopRun+0x39f
C  [CoreFoundation+0x71bd8]  CFRunLoopRunSpecific+0x128
C  [HIToolbox+0x3256f]  RunCurrentEventLoopInMode+0xeb
C  [HIToolbox+0x321ee]  ReceiveNextEventCommon+0xb3
C  [HIToolbox+0x3212b]  _BlockUntilNextEventMatchingListInModeWithFilter+0x47
C  [AppKit+0x918ab]  _DPSNextEvent+0x3d2
C  [AppKit+0x90e58]  -[NSApplication nextEventMatchingMask:untilDate:inMode:dequeue:]+0x15a
C  [libosxapp.dylib+0x23aa]  -[NSApplicationAWT nextEventMatchingMask:untilDate:inMode:dequeue:]+0x7c
C  [AppKit+0x86af3]  -[NSApplication run]+0x252
C  [libosxapp.dylib+0x214d]  +[NSApplicationAWT runAWTLoopWithApp:]+0x9c
C  [libawt_lwawt.dylib+0x44517]  -[AWTStarter starter:]+0x389
C  [Foundation+0x92dd0]  __NSThreadPerformPerform+0x125
C  [CoreFoundation+0x80a01]  __CFRUNLOOP_IS_CALLING_OUT_TO_A_SOURCE0_PERFORM_FUNCTION__+0x11
C  [CoreFoundation+0x72b8d]  __CFRunLoopDoSources0+0x10d
C  [CoreFoundation+0x721bf]  __CFRunLoopRun+0x39f
C  [CoreFoundation+0x71bd8]  CFRunLoopRunSpecific+0x128
C  [java+0x6463]  CreateExecutionEnvironment+0x367
C  [java+0x21ac]  JLI_Launch+0x7a0
C  [java+0x84c0]  main+0x65
C  [java+0x1a04]  start+0x34
C  0x0000000000000007

Java frames: (J=compiled Java code, j=interpreted, Vv=VM code)
j  jogamp.nativewindow.jawt.macosx.MacOSXJAWTWindow.UnsetJAWTRootSurfaceLayer0(JJ)V+0
j  jogamp.nativewindow.jawt.macosx.MacOSXJAWTWindow.access$200(JJ)V+2
j  jogamp.nativewindow.jawt.macosx.MacOSXJAWTWindow$1.run()V+38
j  com.jogamp.common.util.RunnableTask.run()V+24
v  ~StubRoutines::call_stub

---------------  P R O C E S S  ---------------

Java Threads: ( => current thread )
  0x00007fce6b13f800 JavaThread "Thread-3" [_thread_blocked, id=60939, stack(0x000000018bceb000,0x000000018bdeb000)]
  0x00007fce6bc47000 JavaThread "AWT-EventQueue-1" [_thread_in_native, id=57627, stack(0x000000018679f000,0x000000018689f000)]
  0x00007fce6b354800 JavaThread "DestroyJavaVM" [_thread_blocked, id=4867, stack(0x00000001068cd000,0x00000001069cd000)]
  0x00007fce6a179000 JavaThread "AWT-EventQueue-0" [_thread_blocked, id=55559, stack(0x0000000125dd0000,0x0000000125ed0000)]
  0x00007fce6b166800 JavaThread "Java2D Disposer" daemon [_thread_blocked, id=51735, stack(0x0000000124aa8000,0x0000000124ba8000)]
  0x00007fce6a10c000 JavaThread "Java2D Queue Flusher" daemon [_thread_blocked, id=50183, stack(0x0000000123a22000,0x0000000123b22000)]
  0x00007fce6b96f000 JavaThread "AWT-Shutdown" [_thread_blocked, id=28691, stack(0x0000000120c3e000,0x0000000120d3e000)]
=>0x00007fce6a8a7000 JavaThread "AWT-AppKit" daemon [_thread_in_native, id=1811, stack(0x00007fff59bd3000,0x00007fff5a3d3000)]
  0x00007fce6a03f800 JavaThread "Service Thread" daemon [_thread_blocked, id=18179, stack(0x000000011efcc000,0x000000011f0cc000)]
  0x00007fce6b81e000 JavaThread "C1 CompilerThread2" daemon [_thread_blocked, id=17667, stack(0x000000011eec9000,0x000000011efc9000)]
  0x00007fce6b81d800 JavaThread "C2 CompilerThread1" daemon [_thread_blocked, id=17155, stack(0x000000011edc6000,0x000000011eec6000)]
  0x00007fce6b81b800 JavaThread "C2 CompilerThread0" daemon [_thread_blocked, id=16643, stack(0x000000011ecc3000,0x000000011edc3000)]
  0x00007fce6b027000 JavaThread "Signal Dispatcher" daemon [_thread_blocked, id=13579, stack(0x000000011ebc0000,0x000000011ecc0000)]
  0x00007fce6a03d000 JavaThread "Finalizer" daemon [_thread_blocked, id=11523, stack(0x000000011d1aa000,0x000000011d2aa000)]
  0x00007fce6a03c800 JavaThread "Reference Handler" daemon [_thread_blocked, id=11011, stack(0x000000011d0a7000,0x000000011d1a7000)]

Other Threads:
  0x00007fce6a03c000 VMThread [stack: 0x000000011cfa4000,0x000000011d0a4000] [id=10499]
  0x00007fce6a828800 WatcherThread [stack: 0x000000011f0cf000,0x000000011f1cf000] [id=18691]

VM state:not at safepoint (normal execution)

VM Mutex/Monitor currently owned by a thread: None

Heap:
 PSYoungGen      total 38400K, used 19393K [0x0000000795580000, 0x0000000798000000, 0x00000007c0000000)
  eden space 33280K, 43% used [0x0000000795580000,0x000000079637c728,0x0000000797600000)
  from space 5120K, 99% used [0x0000000797600000,0x0000000797af3da8,0x0000000797b00000)
  to   space 5120K, 0% used [0x0000000797b00000,0x0000000797b00000,0x0000000798000000)
 ParOldGen       total 87552K, used 16K [0x0000000740000000, 0x0000000745580000, 0x0000000795580000)
  object space 87552K, 0% used [0x0000000740000000,0x0000000740004000,0x0000000745580000)
 Metaspace       used 17380K, capacity 17545K, committed 17792K, reserved 1064960K
  class space    used 1791K, capacity 1857K, committed 1920K, reserved 1048576K

Card table byte_map: [0x00000001165f5000,0x00000001169f6000] byte_map_base: 0x0000000112bf5000

Marking Bits: (ParMarkBitMap*) 0x000000010620ae20
 Begin Bits: [0x00000001170ad000, 0x00000001190ad000)
 End Bits:   [0x00000001190ad000, 0x000000011b0ad000)

Polling page: 0x00000001069dd000

CodeCache: size=245760Kb used=3738Kb max_used=3738Kb free=242021Kb
 bounds [0x0000000107235000, 0x00000001075e5000, 0x0000000116235000]
 total_blobs=1791 nmethods=928 adapters=777
 compilation: enabled

Compilation events (10 events):
Event: 6.334 Thread 0x00007fce6b81e000  924       3       sun.lwawt.LWComponentPeer::getLocationOnScreen (41 bytes)
Event: 6.335 Thread 0x00007fce6b81e000 nmethod 924 0x00000001075da4d0 code [0x00000001075da6c0, 0x00000001075db068]
Event: 6.335 Thread 0x00007fce6b81e000  925       3       sun.lwawt.LWWindowPeer::getLocationOnScreen (10 bytes)
Event: 6.335 Thread 0x00007fce6b81e000 nmethod 925 0x00000001075db610 code [0x00000001075db7a0, 0x00000001075dbb30]
Event: 6.398 Thread 0x00007fce6b81e000  928       1       sun.java2d.SurfaceData::isValid (5 bytes)
Event: 6.398 Thread 0x00007fce6b81e000 nmethod 928 0x00000001075dbd50 code [0x00000001075dbea0, 0x00000001075dbfb0]
Event: 6.398 Thread 0x00007fce6b81e000  926       3       java.awt.Component::isValid (20 bytes)
Event: 6.398 Thread 0x00007fce6b81e000 nmethod 926 0x00000001075dc010 code [0x00000001075dc180, 0x00000001075dc370]
Event: 6.398 Thread 0x00007fce6b81e000  927       3       java.util.LinkedList::add (7 bytes)
Event: 6.398 Thread 0x00007fce6b81e000 nmethod 927 0x00000001075dc3d0 code [0x00000001075dc540, 0x00000001075dc6e8]

GC Heap History (2 events):
Event: 3.136 GC heap before
{Heap before GC invocations=1 (full 0):
 PSYoungGen      total 38400K, used 33280K [0x0000000795580000, 0x0000000798000000, 0x00000007c0000000)
  eden space 33280K, 100% used [0x0000000795580000,0x0000000797600000,0x0000000797600000)
  from space 5120K, 0% used [0x0000000797b00000,0x0000000797b00000,0x0000000798000000)
  to   space 5120K, 0% used [0x0000000797600000,0x0000000797600000,0x0000000797b00000)
 ParOldGen       total 87552K, used 0K [0x0000000740000000, 0x0000000745580000, 0x0000000795580000)
  object space 87552K, 0% used [0x0000000740000000,0x0000000740000000,0x0000000745580000)
 Metaspace       used 15790K, capacity 15971K, committed 16128K, reserved 1062912K
  class space    used 1612K, capacity 1696K, committed 1792K, reserved 1048576K
Event: 3.148 GC heap after
Heap after GC invocations=1 (full 0):
 PSYoungGen      total 38400K, used 5071K [0x0000000795580000, 0x0000000798000000, 0x00000007c0000000)
  eden space 33280K, 0% used [0x0000000795580000,0x0000000795580000,0x0000000797600000)
  from space 5120K, 99% used [0x0000000797600000,0x0000000797af3da8,0x0000000797b00000)
  to   space 5120K, 0% used [0x0000000797b00000,0x0000000797b00000,0x0000000798000000)
 ParOldGen       total 87552K, used 16K [0x0000000740000000, 0x0000000745580000, 0x0000000795580000)
  object space 87552K, 0% used [0x0000000740000000,0x0000000740004000,0x0000000745580000)
 Metaspace       used 15790K, capacity 15971K, committed 16128K, reserved 1062912K
  class space    used 1612K, capacity 1696K, committed 1792K, reserved 1048576K
}

Deoptimization events (10 events):
Event: 2.434 Thread 0x00007fce6a36f000 Uncommon trap: reason=unstable_if action=reinterpret pc=0x000000010740bbc0 method=java.lang.String.toLowerCase(Ljava/util/Locale;)Ljava/lang/String; @ 85
Event: 2.803 Thread 0x00007fce6b392000 Uncommon trap: reason=unstable_if action=reinterpret pc=0x000000010748f558 method=java.lang.String.indexOf([CII[CIII)I @ 3
Event: 2.803 Thread 0x00007fce6b392000 Uncommon trap: reason=unstable_if action=reinterpret pc=0x000000010746cba4 method=java.lang.String.indexOf([CII[CIII)I @ 3
Event: 2.803 Thread 0x00007fce6b392000 Uncommon trap: reason=unstable_if action=reinterpret pc=0x00000001073f8558 method=java.lang.String.indexOf([CII[CIII)I @ 3
Event: 2.807 Thread 0x00007fce6b392000 Uncommon trap: reason=bimorphic action=maybe_recompile pc=0x000000010749b1ec method=java.util.HashMap.getNode(ILjava/lang/Object;)Ljava/util/HashMap$Node; @ 126
Event: 2.807 Thread 0x00007fce6b392000 Uncommon trap: reason=bimorphic action=maybe_recompile pc=0x000000010749b1ec method=java.util.HashMap.getNode(ILjava/lang/Object;)Ljava/util/HashMap$Node; @ 126
Event: 2.807 Thread 0x00007fce6b392000 Uncommon trap: reason=bimorphic action=maybe_recompile pc=0x000000010749b1ec method=java.util.HashMap.getNode(ILjava/lang/Object;)Ljava/util/HashMap$Node; @ 126
Event: 2.807 Thread 0x00007fce6b392000 Uncommon trap: reason=bimorphic action=maybe_recompile pc=0x000000010749b1ec method=java.util.HashMap.getNode(ILjava/lang/Object;)Ljava/util/HashMap$Node; @ 126
Event: 2.814 Thread 0x00007fce6b392000 Uncommon trap: reason=unstable_if action=reinterpret pc=0x0000000107496e1c method=java.lang.String.lastIndexOf([CII[CIII)I @ 118
Event: 3.778 Thread 0x00007fce6bc47000 Uncommon trap: reason=unstable_if action=reinterpret pc=0x00000001073e562c method=java.lang.AbstractStringBuilder.append(Ljava/lang/String;)Ljava/lang/AbstractStringBuilder; @ 1

Internal exceptions (10 events):
Event: 3.796 Thread 0x00007fce6bc47000 Exception <a 'java/io/FileNotFoundException'> (0x00000007961d2d38) thrown at [/Users/java_re/workspace/8-2-build-macosx-x86_64/jdk8u60/4407/hotspot/src/share/vm/prims/jni.cpp, line 709]
Event: 3.796 Thread 0x00007fce6bc47000 Exception <a 'java/io/FileNotFoundException'> (0x00000007961d3930) thrown at [/Users/java_re/workspace/8-2-build-macosx-x86_64/jdk8u60/4407/hotspot/src/share/vm/prims/jni.cpp, line 709]
Event: 3.806 Thread 0x00007fce6bc47000 Exception <a 'java/io/FileNotFoundException'> (0x000000079622d1f8) thrown at [/Users/java_re/workspace/8-2-build-macosx-x86_64/jdk8u60/4407/hotspot/src/share/vm/prims/jni.cpp, line 709]
Event: 3.806 Thread 0x00007fce6bc47000 Exception <a 'java/io/FileNotFoundException'> (0x00000007962336a8) thrown at [/Users/java_re/workspace/8-2-build-macosx-x86_64/jdk8u60/4407/hotspot/src/share/vm/prims/jni.cpp, line 709]
Event: 3.806 Thread 0x00007fce6bc47000 Exception <a 'java/io/FileNotFoundException'> (0x0000000796234e50) thrown at [/Users/java_re/workspace/8-2-build-macosx-x86_64/jdk8u60/4407/hotspot/src/share/vm/prims/jni.cpp, line 709]
Event: 3.806 Thread 0x00007fce6bc47000 Exception <a 'java/io/FileNotFoundException'> (0x0000000796235df8) thrown at [/Users/java_re/workspace/8-2-build-macosx-x86_64/jdk8u60/4407/hotspot/src/share/vm/prims/jni.cpp, line 709]
Event: 3.806 Thread 0x00007fce6bc47000 Exception <a 'java/io/FileNotFoundException'> (0x0000000796236d00) thrown at [/Users/java_re/workspace/8-2-build-macosx-x86_64/jdk8u60/4407/hotspot/src/share/vm/prims/jni.cpp, line 709]
Event: 3.806 Thread 0x00007fce6bc47000 Exception <a 'java/io/FileNotFoundException'> (0x0000000796237ae0) thrown at [/Users/java_re/workspace/8-2-build-macosx-x86_64/jdk8u60/4407/hotspot/src/share/vm/prims/jni.cpp, line 709]
Event: 3.806 Thread 0x00007fce6bc47000 Exception <a 'java/lang/NullPointerException'> (0x0000000796238748) thrown at [/Users/java_re/workspace/8-2-build-macosx-x86_64/jdk8u60/4407/hotspot/src/share/vm/prims/jvm.cpp, line 1390]
Event: 3.806 Thread 0x00007fce6bc47000 Exception <a 'java/lang/NullPointerException'> (0x0000000796238748) thrown at [/Users/java_re/workspace/8-2-build-macosx-x86_64/jdk8u60/4407/hotspot/src/share/vm/prims/jvm.cpp, line 1390]

Events (10 events):
Event: 6.421 loading class java/awt/LightweightDispatcher$2 done
Event: 6.421 loading class java/awt/event/AWTEventListenerProxy
Event: 6.421 loading class java/awt/event/AWTEventListenerProxy done
Event: 6.421 loading class java/awt/Toolkit$ToolkitEventMulticaster
Event: 6.421 loading class java/awt/Toolkit$ToolkitEventMulticaster done
Event: 6.423 Thread 0x00007fce6a93d000 Thread exited: 0x00007fce6a93d000
Event: 6.423 loading class java/lang/IllegalThreadStateException
Event: 6.424 loading class java/lang/IllegalThreadStateException done
Event: 6.424 loading class java/awt/Window$1DisposeAction
Event: 6.424 loading class java/awt/Window$1DisposeAction done


Dynamic libraries:
0x000000000690f000 	/System/Library/Frameworks/Cocoa.framework/Versions/A/Cocoa
0x000000000690f000 	/System/Library/Frameworks/Security.framework/Versions/A/Security
0x000000000690f000 	/System/Library/Frameworks/ApplicationServices.framework/Versions/A/ApplicationServices
0x000000000690f000 	/usr/lib/libz.1.dylib
0x000000000690f000 	/usr/lib/libSystem.B.dylib
0x000000000690f000 	/usr/lib/libobjc.A.dylib
0x000000000690f000 	/System/Library/Frameworks/CoreFoundation.framework/Versions/A/CoreFoundation
0x000000000690f000 	/System/Library/Frameworks/Foundation.framework/Versions/C/Foundation
0x000000000690f000 	/System/Library/Frameworks/AppKit.framework/Versions/C/AppKit
0x000000000690f000 	/System/Library/Frameworks/CoreData.framework/Versions/A/CoreData
0x000000000690f000 	/System/Library/PrivateFrameworks/RemoteViewServices.framework/Versions/A/RemoteViewServices
0x000000000690f000 	/System/Library/PrivateFrameworks/UIFoundation.framework/Versions/A/UIFoundation
0x000000000690f000 	/System/Library/Frameworks/IOSurface.framework/Versions/A/IOSurface
0x000000000690f000 	/System/Library/Frameworks/AudioToolbox.framework/Versions/A/AudioToolbox
0x000000000690f000 	/System/Library/Frameworks/AudioUnit.framework/Versions/A/AudioUnit
0x000000000690f000 	/System/Library/PrivateFrameworks/DataDetectorsCore.framework/Versions/A/DataDetectorsCore
0x000000000690f000 	/System/Library/PrivateFrameworks/DesktopServicesPriv.framework/Versions/A/DesktopServicesPriv
0x000000000690f000 	/System/Library/Frameworks/Carbon.framework/Versions/A/Frameworks/HIToolbox.framework/Versions/A/HIToolbox
0x000000000690f000 	/System/Library/Frameworks/QuartzCore.framework/Versions/A/QuartzCore
0x000000000690f000 	/System/Library/Frameworks/Carbon.framework/Versions/A/Frameworks/SpeechRecognition.framework/Versions/A/SpeechRecognition
0x000000000690f000 	/usr/lib/libauto.dylib
0x000000000690f000 	/usr/lib/libicucore.A.dylib
0x000000000690f000 	/usr/lib/libxml2.2.dylib
0x000000000690f000 	/System/Library/PrivateFrameworks/CoreUI.framework/Versions/A/CoreUI
0x000000000690f000 	/System/Library/Frameworks/CoreAudio.framework/Versions/A/CoreAudio
0x000000000690f000 	/System/Library/Frameworks/DiskArbitration.framework/Versions/A/DiskArbitration
0x000000000690f000 	/usr/lib/liblangid.dylib
0x000000000690f000 	/System/Library/PrivateFrameworks/MultitouchSupport.framework/Versions/A/MultitouchSupport
0x000000000690f000 	/System/Library/Frameworks/IOKit.framework/Versions/A/IOKit
0x000000000690f000 	/usr/lib/libDiagnosticMessagesClient.dylib
0x000000000690f000 	/System/Library/Frameworks/CoreServices.framework/Versions/A/CoreServices
0x000000000690f000 	/System/Library/PrivateFrameworks/PerformanceAnalysis.framework/Versions/A/PerformanceAnalysis
0x000000000690f000 	/System/Library/PrivateFrameworks/GenerationalStorage.framework/Versions/A/GenerationalStorage
0x000000000690f000 	/System/Library/Frameworks/OpenGL.framework/Versions/A/OpenGL
0x000000000690f000 	/System/Library/PrivateFrameworks/Sharing.framework/Versions/A/Sharing
0x000000000690f000 	/System/Library/Frameworks/CoreGraphics.framework/Versions/A/CoreGraphics
0x000000000690f000 	/System/Library/Frameworks/CoreText.framework/Versions/A/CoreText
0x000000000690f000 	/System/Library/Frameworks/ImageIO.framework/Versions/A/ImageIO
0x000000000690f000 	/usr/lib/libextension.dylib
0x000000000690f000 	/System/Library/PrivateFrameworks/Backup.framework/Versions/A/Backup
0x000000000690f000 	/usr/lib/libarchive.2.dylib
0x000000000690f000 	/System/Library/Frameworks/CFNetwork.framework/Versions/A/CFNetwork
0x000000000690f000 	/System/Library/Frameworks/SystemConfiguration.framework/Versions/A/SystemConfiguration
0x000000000690f000 	/usr/lib/libCRFSuite.dylib
0x000000000690f000 	/usr/lib/libc++.1.dylib
0x000000000690f000 	/usr/lib/libc++abi.dylib
0x000000000690f000 	/usr/lib/system/libcache.dylib
0x000000000690f000 	/usr/lib/system/libcommonCrypto.dylib
0x000000000690f000 	/usr/lib/system/libcompiler_rt.dylib
0x000000000690f000 	/usr/lib/system/libcopyfile.dylib
0x000000000690f000 	/usr/lib/system/libcorecrypto.dylib
0x000000000690f000 	/usr/lib/system/libdispatch.dylib
0x000000000690f000 	/usr/lib/system/libdyld.dylib
0x000000000690f000 	/usr/lib/system/libkeymgr.dylib
0x000000000690f000 	/usr/lib/system/liblaunch.dylib
0x000000000690f000 	/usr/lib/system/libmacho.dylib
0x000000000690f000 	/usr/lib/system/libquarantine.dylib
0x000000000690f000 	/usr/lib/system/libremovefile.dylib
0x000000000690f000 	/usr/lib/system/libsystem_asl.dylib
0x000000000690f000 	/usr/lib/system/libsystem_blocks.dylib
0x000000000690f000 	/usr/lib/system/libsystem_c.dylib
0x000000000690f000 	/usr/lib/system/libsystem_configuration.dylib
0x000000000690f000 	/usr/lib/system/libsystem_coreservices.dylib
0x000000000690f000 	/usr/lib/system/libsystem_coretls.dylib
0x000000000690f000 	/usr/lib/system/libsystem_dnssd.dylib
0x000000000690f000 	/usr/lib/system/libsystem_info.dylib
0x000000000690f000 	/usr/lib/system/libsystem_kernel.dylib
0x000000000690f000 	/usr/lib/system/libsystem_m.dylib
0x000000000690f000 	/usr/lib/system/libsystem_malloc.dylib
0x000000000690f000 	/usr/lib/system/libsystem_network.dylib
0x000000000690f000 	/usr/lib/system/libsystem_networkextension.dylib
0x000000000690f000 	/usr/lib/system/libsystem_notify.dylib
0x000000000690f000 	/usr/lib/system/libsystem_platform.dylib
0x000000000690f000 	/usr/lib/system/libsystem_pthread.dylib
0x000000000690f000 	/usr/lib/system/libsystem_sandbox.dylib
0x000000000690f000 	/usr/lib/system/libsystem_secinit.dylib
0x000000000690f000 	/usr/lib/system/libsystem_stats.dylib
0x000000000690f000 	/usr/lib/system/libsystem_trace.dylib
0x000000000690f000 	/usr/lib/system/libunc.dylib
0x000000000690f000 	/usr/lib/system/libunwind.dylib
0x000000000690f000 	/usr/lib/system/libxpc.dylib
0x000000000690f000 	/usr/lib/libbz2.1.0.dylib
0x000000000690f000 	/usr/lib/liblzma.5.dylib
0x000000000690f000 	/usr/lib/libbsm.0.dylib
0x000000000690f000 	/usr/lib/libsqlite3.dylib
0x000000000690f000 	/usr/lib/system/libkxld.dylib
0x000000000690f000 	/usr/lib/libxar.1.dylib
0x000000000690f000 	/usr/lib/libpam.2.dylib
0x000000000690f000 	/usr/lib/libOpenScriptingUtil.dylib
0x000000000690f000 	/System/Library/Frameworks/CoreServices.framework/Versions/A/Frameworks/FSEvents.framework/Versions/A/FSEvents
0x000000000690f000 	/System/Library/Frameworks/CoreServices.framework/Versions/A/Frameworks/CarbonCore.framework/Versions/A/CarbonCore
0x000000000690f000 	/System/Library/Frameworks/CoreServices.framework/Versions/A/Frameworks/Metadata.framework/Versions/A/Metadata
0x000000000690f000 	/System/Library/Frameworks/CoreServices.framework/Versions/A/Frameworks/OSServices.framework/Versions/A/OSServices
0x000000000690f000 	/System/Library/Frameworks/CoreServices.framework/Versions/A/Frameworks/SearchKit.framework/Versions/A/SearchKit
0x000000000690f000 	/System/Library/Frameworks/CoreServices.framework/Versions/A/Frameworks/AE.framework/Versions/A/AE
0x000000000690f000 	/System/Library/Frameworks/CoreServices.framework/Versions/A/Frameworks/LaunchServices.framework/Versions/A/LaunchServices
0x000000000690f000 	/System/Library/Frameworks/CoreServices.framework/Versions/A/Frameworks/DictionaryServices.framework/Versions/A/DictionaryServices
0x000000000690f000 	/System/Library/Frameworks/NetFS.framework/Versions/A/NetFS
0x000000000690f000 	/System/Library/PrivateFrameworks/NetAuth.framework/Versions/A/NetAuth
0x000000000690f000 	/System/Library/PrivateFrameworks/login.framework/Versions/A/Frameworks/loginsupport.framework/Versions/A/loginsupport
0x000000000690f000 	/System/Library/PrivateFrameworks/TCC.framework/Versions/A/TCC
0x000000000690f000 	/usr/lib/libmecabra.dylib
0x000000000690f000 	/System/Library/Frameworks/ApplicationServices.framework/Versions/A/Frameworks/ATS.framework/Versions/A/ATS
0x000000000690f000 	/System/Library/Frameworks/ApplicationServices.framework/Versions/A/Frameworks/ColorSync.framework/Versions/A/ColorSync
0x000000000690f000 	/System/Library/Frameworks/ApplicationServices.framework/Versions/A/Frameworks/HIServices.framework/Versions/A/HIServices
0x000000000690f000 	/System/Library/Frameworks/ApplicationServices.framework/Versions/A/Frameworks/LangAnalysis.framework/Versions/A/LangAnalysis
0x000000000690f000 	/System/Library/Frameworks/ApplicationServices.framework/Versions/A/Frameworks/PrintCore.framework/Versions/A/PrintCore
0x000000000690f000 	/System/Library/Frameworks/ApplicationServices.framework/Versions/A/Frameworks/QD.framework/Versions/A/QD
0x000000000690f000 	/System/Library/Frameworks/ApplicationServices.framework/Versions/A/Frameworks/SpeechSynthesis.framework/Versions/A/SpeechSynthesis
0x000000000690f000 	/System/Library/Frameworks/Accelerate.framework/Versions/A/Accelerate
0x000000000690f000 	/System/Library/Frameworks/Accelerate.framework/Versions/A/Frameworks/vImage.framework/Versions/A/vImage
0x000000000690f000 	/System/Library/Frameworks/Accelerate.framework/Versions/A/Frameworks/vecLib.framework/Versions/A/vecLib
0x000000000690f000 	/System/Library/Frameworks/Accelerate.framework/Versions/A/Frameworks/vecLib.framework/Versions/A/libvDSP.dylib
0x000000000690f000 	/System/Library/Frameworks/Accelerate.framework/Versions/A/Frameworks/vecLib.framework/Versions/A/libvMisc.dylib
0x000000000690f000 	/System/Library/Frameworks/Accelerate.framework/Versions/A/Frameworks/vecLib.framework/Versions/A/libLAPACK.dylib
0x000000000690f000 	/System/Library/Frameworks/Accelerate.framework/Versions/A/Frameworks/vecLib.framework/Versions/A/libBLAS.dylib
0x000000000690f000 	/System/Library/Frameworks/Accelerate.framework/Versions/A/Frameworks/vecLib.framework/Versions/A/libLinearAlgebra.dylib
0x000000000690f000 	/System/Library/Frameworks/ApplicationServices.framework/Versions/A/Frameworks/ATS.framework/Versions/A/Resources/libFontParser.dylib
0x000000000690f000 	/System/Library/Frameworks/ApplicationServices.framework/Versions/A/Frameworks/ATS.framework/Versions/A/Resources/libFontRegistry.dylib
0x000000000690f000 	/System/Library/PrivateFrameworks/AppleVPA.framework/Versions/A/AppleVPA
0x000000000690f000 	/System/Library/PrivateFrameworks/AppleJPEG.framework/Versions/A/AppleJPEG
0x000000000690f000 	/System/Library/Frameworks/ImageIO.framework/Versions/A/Resources/libJPEG.dylib
0x000000000690f000 	/System/Library/Frameworks/ImageIO.framework/Versions/A/Resources/libTIFF.dylib
0x000000000690f000 	/System/Library/Frameworks/ImageIO.framework/Versions/A/Resources/libPng.dylib
0x000000000690f000 	/System/Library/Frameworks/ImageIO.framework/Versions/A/Resources/libGIF.dylib
0x000000000690f000 	/System/Library/Frameworks/ImageIO.framework/Versions/A/Resources/libJP2.dylib
0x000000000690f000 	/System/Library/Frameworks/ImageIO.framework/Versions/A/Resources/libRadiance.dylib
0x000000000690f000 	/System/Library/Frameworks/CoreVideo.framework/Versions/A/CoreVideo
0x000000000690f000 	/System/Library/Frameworks/OpenGL.framework/Versions/A/Libraries/libGLU.dylib
0x000000000690f000 	/System/Library/Frameworks/OpenGL.framework/Versions/A/Libraries/libGFXShared.dylib
0x000000000690f000 	/System/Library/Frameworks/OpenGL.framework/Versions/A/Libraries/libGL.dylib
0x000000000690f000 	/System/Library/Frameworks/OpenGL.framework/Versions/A/Libraries/libGLImage.dylib
0x000000000690f000 	/System/Library/Frameworks/OpenGL.framework/Versions/A/Libraries/libCVMSPluginSupport.dylib
0x000000000690f000 	/System/Library/Frameworks/OpenGL.framework/Versions/A/Libraries/libCoreVMClient.dylib
0x000000000690f000 	/usr/lib/libcups.2.dylib
0x000000000690f000 	/System/Library/Frameworks/Kerberos.framework/Versions/A/Kerberos
0x000000000690f000 	/System/Library/Frameworks/GSS.framework/Versions/A/GSS
0x000000000690f000 	/usr/lib/libresolv.9.dylib
0x000000000690f000 	/usr/lib/libiconv.2.dylib
0x000000000690f000 	/System/Library/PrivateFrameworks/Heimdal.framework/Versions/A/Heimdal
0x000000000690f000 	/usr/lib/libheimdal-asn1.dylib
0x000000000690f000 	/System/Library/Frameworks/OpenDirectory.framework/Versions/A/OpenDirectory
0x000000000690f000 	/System/Library/PrivateFrameworks/CommonAuth.framework/Versions/A/CommonAuth
0x000000000690f000 	/System/Library/Frameworks/OpenDirectory.framework/Versions/A/Frameworks/CFOpenDirectory.framework/Versions/A/CFOpenDirectory
0x000000000690f000 	/System/Library/Frameworks/SecurityFoundation.framework/Versions/A/SecurityFoundation
0x000000000690f000 	/System/Library/PrivateFrameworks/LanguageModeling.framework/Versions/A/LanguageModeling
0x000000000690f000 	/usr/lib/libcmph.dylib
0x000000000690f000 	/System/Library/Frameworks/ServiceManagement.framework/Versions/A/ServiceManagement
0x000000000690f000 	/usr/lib/libxslt.1.dylib
0x000000000690f000 	/System/Library/Frameworks/Carbon.framework/Versions/A/Frameworks/Ink.framework/Versions/A/Ink
0x000000000690f000 	/System/Library/Frameworks/QuartzCore.framework/Versions/A/Frameworks/CoreImage.framework/Versions/A/CoreImage
0x000000000690f000 	/System/Library/PrivateFrameworks/CrashReporterSupport.framework/Versions/A/CrashReporterSupport
0x000000000690f000 	/System/Library/Frameworks/OpenCL.framework/Versions/A/OpenCL
0x000000000690f000 	/System/Library/PrivateFrameworks/FaceCore.framework/Versions/A/FaceCore
0x000000000690f000 	/System/Library/PrivateFrameworks/Ubiquity.framework/Versions/A/Ubiquity
0x000000000690f000 	/System/Library/PrivateFrameworks/IconServices.framework/Versions/A/IconServices
0x000000000690f000 	/System/Library/PrivateFrameworks/ChunkingLibrary.framework/Versions/A/ChunkingLibrary
0x000000000690f000 	/System/Library/PrivateFrameworks/Apple80211.framework/Versions/A/Apple80211
0x000000000690f000 	/System/Library/Frameworks/CoreWLAN.framework/Versions/A/CoreWLAN
0x000000000690f000 	/System/Library/Frameworks/IOBluetooth.framework/Versions/A/IOBluetooth
0x000000000690f000 	/System/Library/PrivateFrameworks/CoreWiFi.framework/Versions/A/CoreWiFi
0x000000000690f000 	/System/Library/Frameworks/CoreBluetooth.framework/Versions/A/CoreBluetooth
0x000000000690f000 	/System/Library/PrivateFrameworks/DebugSymbols.framework/Versions/A/DebugSymbols
0x000000000690f000 	/System/Library/PrivateFrameworks/CoreSymbolication.framework/Versions/A/CoreSymbolication
0x000000000690f000 	/System/Library/PrivateFrameworks/Symbolication.framework/Versions/A/Symbolication
0x000000000690f000 	/System/Library/PrivateFrameworks/SpeechRecognitionCore.framework/Versions/A/SpeechRecognitionCore
0x000000010592c000 	/Library/Java/JavaVirtualMachines/jdk1.8.0_60.jdk/Contents/Home/jre/lib/server/libjvm.dylib
0x000000000690f000 	/usr/lib/libstdc++.6.dylib
0x00000001069cf000 	/Library/Java/JavaVirtualMachines/jdk1.8.0_60.jdk/Contents/Home/jre/lib/libverify.dylib
0x0000000107200000 	/Library/Java/JavaVirtualMachines/jdk1.8.0_60.jdk/Contents/Home/jre/lib/libjava.dylib
0x00000001069e7000 	/Library/Java/JavaVirtualMachines/jdk1.8.0_60.jdk/Contents/Home/jre/lib/libzip.dylib
0x000000011d2ac000 	/System/Library/Frameworks/JavaVM.framework/Frameworks/JavaRuntimeSupport.framework/JavaRuntimeSupport
0x000000011d2c4000 	/System/Library/Frameworks/JavaVM.framework/Versions/A/Frameworks/JavaNativeFoundation.framework/Versions/A/JavaNativeFoundation
0x00000001069f1000 	/System/Library/Frameworks/JavaVM.framework/Versions/A/JavaVM
0x000000000690f000 	/System/Library/Frameworks/Carbon.framework/Versions/A/Carbon
0x000000011d2d9000 	/System/Library/PrivateFrameworks/JavaLaunching.framework/Versions/A/JavaLaunching
0x000000000690f000 	/System/Library/Frameworks/Carbon.framework/Versions/A/Frameworks/CommonPanels.framework/Versions/A/CommonPanels
0x000000000690f000 	/System/Library/Frameworks/Carbon.framework/Versions/A/Frameworks/Help.framework/Versions/A/Help
0x000000000690f000 	/System/Library/Frameworks/Carbon.framework/Versions/A/Frameworks/ImageCapture.framework/Versions/A/ImageCapture
0x000000000690f000 	/System/Library/Frameworks/Carbon.framework/Versions/A/Frameworks/OpenScripting.framework/Versions/A/OpenScripting
0x000000000690f000 	/System/Library/Frameworks/Carbon.framework/Versions/A/Frameworks/Print.framework/Versions/A/Print
0x000000000690f000 	/System/Library/Frameworks/Carbon.framework/Versions/A/Frameworks/SecurityHI.framework/Versions/A/SecurityHI
0x000000011f20d000 	/Library/Java/JavaVirtualMachines/jdk1.8.0_60.jdk/Contents/Home/jre/lib/libawt.dylib
0x000000011f2b5000 	/Library/Java/JavaVirtualMachines/jdk1.8.0_60.jdk/Contents/Home/jre/lib/./libmlib_image.dylib
0x000000011f381000 	/Library/Java/JavaVirtualMachines/jdk1.8.0_60.jdk/Contents/Home/jre/lib/libawt_lwawt.dylib
0x000000011f436000 	/Library/Java/JavaVirtualMachines/jdk1.8.0_60.jdk/Contents/Home/jre/lib/./libosxapp.dylib
0x000000000690f000 	/System/Library/Frameworks/ExceptionHandling.framework/Versions/A/ExceptionHandling
0x000000000690f000 	/System/Library/PrivateFrameworks/CoreServicesInternal.framework/Versions/A/CoreServicesInternal
0x000000000690f000 	/System/Library/PrivateFrameworks/CloudDocs.framework/Versions/A/CloudDocs
0x000000000690f000 	/System/Library/PrivateFrameworks/CoreDuet.framework/Versions/A/CoreDuet
0x000000000690f000 	/System/Library/Frameworks/CloudKit.framework/Versions/A/CloudKit
0x000000000690f000 	/System/Library/PrivateFrameworks/ProtocolBuffer.framework/Versions/A/ProtocolBuffer
0x000000000690f000 	/System/Library/PrivateFrameworks/CoreDuetDaemonProtocol.framework/Versions/A/CoreDuetDaemonProtocol
0x000000000690f000 	/System/Library/PrivateFrameworks/CoreDuetDebugLogging.framework/Versions/A/CoreDuetDebugLogging
0x000000000690f000 	/System/Library/PrivateFrameworks/MMCS.framework/Versions/A/MMCS
0x000000000690f000 	/System/Library/Frameworks/CoreLocation.framework/Versions/A/CoreLocation
0x000000000690f000 	/System/Library/PrivateFrameworks/ProtectedCloudStorage.framework/Versions/A/ProtectedCloudStorage
0x000000000690f000 	/System/Library/PrivateFrameworks/GeoServices.framework/Versions/A/GeoServices
0x000000000690f000 	/System/Library/Frameworks/CoreGraphics.framework/Versions/A/Resources/libCGCMS.A.dylib
0x000000000690f000 	/System/Library/Frameworks/CoreGraphics.framework/Versions/A/Resources/libRIP.A.dylib
0x000000000690f000 	/System/Library/Frameworks/CoreGraphics.framework/Versions/A/Resources/libCGXType.A.dylib
0x000000000690f000 	/System/Library/Frameworks/OpenCL.framework/Versions/A/Libraries/libcldcpuengine.dylib
0x000000000690f000 	/System/Library/PrivateFrameworks/DiskImages.framework/Versions/A/DiskImages
0x000000000690f000 	/System/Library/Frameworks/DiscRecording.framework/Versions/A/DiscRecording
0x000000000690f000 	/usr/lib/libcsfde.dylib
0x000000000690f000 	/usr/lib/libcurl.4.dylib
0x000000000690f000 	/System/Library/PrivateFrameworks/MediaKit.framework/Versions/A/MediaKit
0x000000000690f000 	/usr/lib/libCoreStorage.dylib
0x000000000690f000 	/System/Library/PrivateFrameworks/EFILogin.framework/Versions/A/EFILogin
0x000000000690f000 	/usr/lib/libutil.dylib
0x000000000690f000 	/System/Library/PrivateFrameworks/FindMyDevice.framework/Versions/A/FindMyDevice
0x000000000690f000 	/System/Library/Frameworks/LDAP.framework/Versions/A/LDAP
0x000000000690f000 	/usr/lib/libsasl2.2.dylib
0x000000000690f000 	/System/Library/PrivateFrameworks/CoreDaemon.framework/Versions/B/CoreDaemon
0x000000000690f000 	/usr/lib/libcrypto.0.9.8.dylib
0x000000000690f000 	/System/Library/PrivateFrameworks/AppleSRP.framework/Versions/A/AppleSRP
0x000000000690f000 	/System/Library/PrivateFrameworks/TrustEvaluationAgent.framework/Versions/A/TrustEvaluationAgent
0x000000012277a000 	cl_kernels
0x000000012277c000 	/System/Library/Frameworks/OpenCL.framework/Versions/A/Libraries/ImageFormats/unorm8_bgra.dylib
0x000000012276c000 	cl_kernels
0x000000000690f000 	/System/Library/PrivateFrameworks/FamilyControls.framework/Versions/A/FamilyControls
0x000000000690f000 	/System/Library/PrivateFrameworks/CommerceKit.framework/Versions/A/Frameworks/CommerceCore.framework/Versions/A/CommerceCore
0x000000000690f000 	/System/Library/PrivateFrameworks/SystemAdministration.framework/Versions/A/SystemAdministration
0x000000000690f000 	/System/Library/PrivateFrameworks/AppContainer.framework/Versions/A/AppContainer
0x000000000690f000 	/System/Library/PrivateFrameworks/SecCodeWrapper.framework/Versions/A/SecCodeWrapper
0x000000000690f000 	/System/Library/Frameworks/DirectoryService.framework/Versions/A/DirectoryService
0x000000000690f000 	/System/Library/PrivateFrameworks/LoginUIKit.framework/Versions/A/Frameworks/LoginUICore.framework/Versions/A/LoginUICore
0x000000000690f000 	/usr/lib/libodfde.dylib
0x000000000690f000 	/System/Library/Frameworks/OpenGL.framework/Versions/A/Resources/GLEngine.bundle/GLEngine
0x000000000690f000 	/System/Library/Frameworks/OpenGL.framework/Versions/A/Libraries/libGLProgrammability.dylib
0x0000000123b24000 	/System/Library/Extensions/AppleIntelHD5000GraphicsGLDriver.bundle/Contents/MacOS/AppleIntelHD5000GraphicsGLDriver
0x000000000690f000 	/System/Library/PrivateFrameworks/IOAccelerator.framework/Versions/A/IOAccelerator
0x000000000690f000 	/System/Library/PrivateFrameworks/GPUSupport.framework/Versions/A/Libraries/libGPUSupportMercury.dylib
0x000000000690f000 	/System/Library/Frameworks/OpenGL.framework/Versions/A/Resources/GLRendererFloat.bundle/GLRendererFloat
0x0000000124baa000 	/Library/Java/JavaVirtualMachines/jdk1.8.0_60.jdk/Contents/Home/jre/lib/libfontmanager.dylib
0x0000000125f03000 	/Library/Java/JavaVirtualMachines/jdk1.8.0_60.jdk/Contents/Home/jre/lib/libosxui.dylib
0x00000001261b8000 	/Library/Java/JavaVirtualMachines/jdk1.8.0_60.jdk/Contents/Home/jre/lib/libnet.dylib
0x00000001261cf000 	/Library/Java/JavaVirtualMachines/jdk1.8.0_60.jdk/Contents/Home/jre/lib/libnio.dylib
0x000000000690f000 	/System/Library/Frameworks/ApplicationServices.framework/Versions/A/Frameworks/ATS.framework/Versions/A/Resources/libTrueTypeScaler.dylib
0x0000000125efc000 	/private/var/folders/dz/9hrfz2z97n7f22lrjdqgm2sh0000gn/T/jogamp_0000/file_cache/jln8731030073324561223/jln1837711617842648969/libgluegen-rt.jnilib
0x0000000125f00000 	/private/var/folders/dz/9hrfz2z97n7f22lrjdqgm2sh0000gn/T/jogamp_0000/file_cache/jln8731030073324561223/jln1837711617842648969/libnativewindow_awt.jnilib
0x0000000125f32000 	/Library/Java/JavaVirtualMachines/jdk1.8.0_60.jdk/Contents/Home/jre/lib/libjawt.dylib
0x0000000185fdb000 	/private/var/folders/dz/9hrfz2z97n7f22lrjdqgm2sh0000gn/T/jogamp_0000/file_cache/jln8731030073324561223/jln1837711617842648969/libnativewindow_macosx.jnilib
0x0000000189af7000 	/private/var/folders/dz/9hrfz2z97n7f22lrjdqgm2sh0000gn/T/jogamp_0000/file_cache/jln8731030073324561223/jln1837711617842648969/libjogl_desktop.jnilib

VM Arguments:
jvm_args: -Djava.security.policy=java.policy.applet -Dfile.encoding=UTF-8 
java_command: sun.applet.AppletViewer LifeExpectancy1443463717458.html
java_class_path (initial): /Users/tabutcu/Documents/workspace/VisualAge/build:/Users/tabutcu/Documents/workspace/VisualAge/lib/core.jar:/Users/tabutcu/Documents/workspace/VisualAge/lib/gluegen-rt.jar:/Users/tabutcu/Documents/workspace/VisualAge/lib/jogl-all.jar:/Users/tabutcu/Documents/workspace/VisualAge/lib/log4j-1.2.15.jar:/Users/tabutcu/Documents/workspace/VisualAge/lib/sqlite-jdbc-3.7.2.jar:/Users/tabutcu/Documents/workspace/VisualAge/lib/json4processing.jar:/Users/tabutcu/Documents/workspace/VisualAge/lib/libTUIO.jar:/Users/tabutcu/Documents/workspace/VisualAge/lib/unfolding.0.9.6.jar
Launcher Type: SUN_STANDARD

Environment Variables:
PATH=/usr/bin:/bin:/usr/sbin:/sbin
SHELL=/bin/bash
DISPLAY=/private/tmp/com.apple.launchd.SWyVFXtYED/org.macosforge.xquartz:0

Signal Handlers:
SIGSEGV: [libjvm.dylib+0x5a6d31], sa_mask[0]=11111111011111110111111111111111, sa_flags=SA_ONSTACK|SA_RESTART|SA_SIGINFO
SIGBUS: [libjvm.dylib+0x5a6d31], sa_mask[0]=11111111011111110111111111111111, sa_flags=SA_RESTART|SA_SIGINFO
SIGFPE: [libjvm.dylib+0x480a4c], sa_mask[0]=11111111011111110111111111111111, sa_flags=SA_RESTART|SA_SIGINFO
SIGPIPE: [libjvm.dylib+0x480a4c], sa_mask[0]=11111111011111110111111111111111, sa_flags=SA_RESTART|SA_SIGINFO
SIGXFSZ: [libjvm.dylib+0x480a4c], sa_mask[0]=11111111011111110111111111111111, sa_flags=SA_RESTART|SA_SIGINFO
SIGILL: [libjvm.dylib+0x480a4c], sa_mask[0]=11111111011111110111111111111111, sa_flags=SA_RESTART|SA_SIGINFO
SIGUSR1: SIG_DFL, sa_mask[0]=00000000000000000000000000000000, sa_flags=none
SIGUSR2: [libjvm.dylib+0x48056a], sa_mask[0]=00100000000000000000000000000000, sa_flags=SA_RESTART|SA_SIGINFO
SIGHUP: [libjvm.dylib+0x47eb41], sa_mask[0]=11111111011111110111111111111111, sa_flags=SA_RESTART|SA_SIGINFO
SIGINT: [libjvm.dylib+0x47eb41], sa_mask[0]=11111111011111110111111111111111, sa_flags=SA_RESTART|SA_SIGINFO
SIGTERM: [libjvm.dylib+0x47eb41], sa_mask[0]=11111111011111110111111111111111, sa_flags=SA_RESTART|SA_SIGINFO
SIGQUIT: [libjvm.dylib+0x47eb41], sa_mask[0]=11111111011111110111111111111111, sa_flags=SA_RESTART|SA_SIGINFO


---------------  S Y S T E M  ---------------

OS:Bsduname:Darwin 14.5.0 Darwin Kernel Version 14.5.0: Wed Jul 29 02:26:53 PDT 2015; root:xnu-2782.40.9~1/RELEASE_X86_64 x86_64
rlimit: STACK 8192k, CORE 0k, NPROC 709, NOFILE 10240, AS infinity
load average:2.95 2.93 3.07

CPU:total 4 (2 cores per cpu, 2 threads per core) family 6 model 69 stepping 1, cmov, cx8, fxsr, mmx, sse, sse2, sse3, ssse3, sse4.1, sse4.2, popcnt, avx, avx2, aes, clmul, erms, lzcnt, ht, tsc, tscinvbit, bmi1, bmi2

Memory: 4k page, physical 8388608k(52148k free)

/proc/meminfo:


vm_info: Java HotSpot(TM) 64-Bit Server VM (25.60-b23) for bsd-amd64 JRE (1.8.0_60-b27), built on Aug  4 2015 10:47:24 by "java_re" with gcc 4.2.1 (Based on Apple Inc. build 5658) (LLVM build 2336.11.00)

time: Mon Sep 28 13:08:43 2015
elapsed time: 6 seconds (0d 0h 0m 6s)

