#
# A fatal error has been detected by the Java Runtime Environment:
#
#  SIGSEGV (0xb) at pc=0x00007fff886770dd, pid=4432, tid=1811
#
# JRE version: Java(TM) SE Runtime Environment (8.0_60-b27) (build 1.8.0_60-b27)
# Java VM: Java HotSpot(TM) 64-Bit Server VM (25.60-b23 mixed mode bsd-amd64 compressed oops)
# Problematic frame:
# C  [libobjc.A.dylib+0x10dd]  objc_msgSend+0x1d
#
# Failed to write core dump. Core dumps have been disabled. To enable core dumping, try "ulimit -c unlimited" before starting Java again
#
# If you would like to submit a bug report, please visit:
#   http://bugreport.java.com/bugreport/crash.jsp
# The crash happened outside the Java Virtual Machine in native code.
# See problematic frame for where to report the bug.
#

---------------  T H R E A D  ---------------

Current thread (0x00007fc15a02d000):  JavaThread "AWT-AppKit" daemon [_thread_in_native, id=1811, stack(0x00007fff53cac000,0x00007fff544ac000)]

siginfo: si_signo: 11 (SIGSEGV), si_code: 1 (SEGV_MAPERR), si_addr: 0x0000000000000018

Registers:
RAX=0x00007fc15d898060, RBX=0x000000018be733b0, RCX=0x000000012bdb5ac0, RDX=0x000000012bdb5680
RSP=0x00007fff544a75d8, RBP=0x00007fff544a7690, RSI=0x00007fff8dcbc40f, RDI=0x00007fc15d896640
R8 =0x0000000000000000, R9 =0x0000000000000f50, R10=0x00007fff8dcbc40f, R11=0x0000000000000000
R12=0x0000000000000000, R13=0x000000018fadfe30, R14=0x000000018be733a0, R15=0x00007fc15a02d000
RIP=0x00007fff886770dd, EFLAGS=0x0000000000010246, ERR=0x0000000000000004
  TRAPNO=0x000000000000000e

Top of Stack: (sp=0x00007fff544a75d8)
0x00007fff544a75d8:   000000018be715d7 00007fff544a7630
0x00007fff544a75e8:   0000000000000003 00007fff544a7610
0x00007fff544a75f8:   000000010ba44992 000000018fadfe30
0x00007fff544a7608:   000000018fadfe30 00007fc15d898060
0x00007fff544a7618:   000000018be735c0 000000018be73640
0x00007fff544a7628:   000000018be733b0 00007fff7783d550
0x00007fff544a7638:   000000018be735d0 00007fff7828ec80
0x00007fff544a7648:   00007fc15d898060 00007fc15d896640
0x00007fff544a7658:   00007fc158649060 00007fc15d898060
0x00007fff544a7668:   00007fc15d896640 00007fff544a7710
0x00007fff544a7678:   00007fc15a02d1f8 000000018fadfe30
0x00007fff544a7688:   00007fff544a7738 00007fff544a7700
0x00007fff544a7698:   000000010d215954 00007fff544a7700
0x00007fff544a76a8:   000000010d2156d9 000000010d221823
0x00007fff544a76b8:   000000010d2156a2 00007fff544a76c0
0x00007fff544a76c8:   000000018fadfe30 00007fff544a7738
0x00007fff544a76d8:   000000018fae2620 0000000000000000
0x00007fff544a76e8:   000000018fadfe30 0000000000000000
0x00007fff544a76f8:   00007fff544a7720 00007fff544a7780
0x00007fff544a7708:   000000010d207c4d 00000007409a8ea8
0x00007fff544a7718:   000000010d20f578 00007fc15d898060
0x00007fff544a7728:   000000010d210db9 00007fc15d896640
0x00007fff544a7738:   000000010d210d82 00007fff544a7740
0x00007fff544a7748:   000000018fadfffa 00007fff544a77a8
0x00007fff544a7758:   000000018fae2620 0000000000000000
0x00007fff544a7768:   000000018fae0008 00007fff544a7720
0x00007fff544a7778:   00007fff544a7790 00007fff544a77f0
0x00007fff544a7788:   000000010d207c4d 00007fc15d898060
0x00007fff544a7798:   0000000740ac6f20 00007fc15d896640
0x00007fff544a77a8:   0000000740ac6f20 00007fff544a77b0
0x00007fff544a77b8:   00000001945dea4e 00007fff544a7800
0x00007fff544a77c8:   00000001945deb08 0000000000000000 

Instructions: (pc=0x00007fff886770dd)
0x00007fff886770bd:   00 00 00 48 85 ff 2e 74 7a 40 f6 c7 01 2e 75 7e
0x00007fff886770cd:   49 bb f8 ff ff ff ff 7f 00 00 4c 23 1f 49 89 f2
0x00007fff886770dd:   45 23 53 18 49 c1 e2 04 4d 03 53 10 49 3b 32 75
0x00007fff886770ed:   04 41 ff 62 08 49 83 3a 00 74 6a 4d 3b 53 10 74 

Register to memory mapping:

RAX=0x00007fc15d898060 is an unknown value
RBX=0x000000018be733b0: Java_jogamp_nativewindow_macosx_OSXUtil_GetScreenRefreshRate0+0x1850 in /private/var/folders/dz/9hrfz2z97n7f22lrjdqgm2sh0000gn/T/jogamp_0000/file_cache/jln8216447543767339166/jln8286850145453169285/libnativewindow_macosx.jnilib at 0x000000018be6c000
RCX=0x000000012bdb5ac0 is an unknown value
RDX=0x000000012bdb5680 is an unknown value
RSP=0x00007fff544a75d8 is pointing into the stack for thread: 0x00007fc15a02d000
RBP=0x00007fff544a7690 is pointing into the stack for thread: 0x00007fc15a02d000
RSI=0x00007fff8dcbc40f is an unknown value
RDI=0x00007fc15d896640 is an unknown value
R8 =0x0000000000000000 is an unknown value
R9 =0x0000000000000f50 is an unknown value
R10=0x00007fff8dcbc40f is an unknown value
R11=0x0000000000000000 is an unknown value
R12=0x0000000000000000 is an unknown value
R13={method} {0x000000018fadfe30} 'UnsetJAWTRootSurfaceLayer0' '(JJ)V' in 'jogamp/nativewindow/jawt/macosx/MacOSXJAWTWindow'
R14=0x000000018be733a0: Java_jogamp_nativewindow_macosx_OSXUtil_GetScreenRefreshRate0+0x1840 in /private/var/folders/dz/9hrfz2z97n7f22lrjdqgm2sh0000gn/T/jogamp_0000/file_cache/jln8216447543767339166/jln8286850145453169285/libnativewindow_macosx.jnilib at 0x000000018be6c000
R15=0x00007fc15a02d000 is a thread


Stack: [0x00007fff53cac000,0x00007fff544ac000],  sp=0x00007fff544a75d8,  free space=8173k
Native frames: (J=compiled Java code, j=interpreted, Vv=VM code, C=native code)
C  [libobjc.A.dylib+0x10dd]  objc_msgSend+0x1d
j  jogamp.nativewindow.jawt.macosx.MacOSXJAWTWindow.UnsetJAWTRootSurfaceLayer0(JJ)V+0
j  jogamp.nativewindow.jawt.macosx.MacOSXJAWTWindow.access$200(JJ)V+2
j  jogamp.nativewindow.jawt.macosx.MacOSXJAWTWindow$1.run()V+38
j  com.jogamp.common.util.RunnableTask.run()V+24
v  ~StubRoutines::call_stub
V  [libjvm.dylib+0x2eab0e]
V  [libjvm.dylib+0x321bb7]
V  [libjvm.dylib+0x31438b]
C  [libnativewindow_macosx.jnilib+0x57ae]  Java_jogamp_nativewindow_jawt_macosx_MacOSXJAWTWindow_UnsetJAWTRootSurfaceLayer0+0x2be
C  [Foundation+0x92dd0]  __NSThreadPerformPerform+0x125
C  [CoreFoundation+0x80a01]  __CFRUNLOOP_IS_CALLING_OUT_TO_A_SOURCE0_PERFORM_FUNCTION__+0x11
C  [CoreFoundation+0x72b8d]  __CFRunLoopDoSources0+0x10d
C  [CoreFoundation+0x721bf]  __CFRunLoopRun+0x39f
C  [CoreFoundation+0x71bd8]  CFRunLoopRunSpecific+0x128
C  [HIToolbox+0x3256f]  RunCurrentEventLoopInMode+0xeb
C  [HIToolbox+0x321ee]  ReceiveNextEventCommon+0xb3
C  [HIToolbox+0x3212b]  _BlockUntilNextEventMatchingListInModeWithFilter+0x47
C  [AppKit+0x918ab]  _DPSNextEvent+0x3d2
C  [AppKit+0x90e58]  -[NSApplication nextEventMatchingMask:untilDate:inMode:dequeue:]+0x15a
C  [libosxapp.dylib+0x23aa]  -[NSApplicationAWT nextEventMatchingMask:untilDate:inMode:dequeue:]+0x7c
C  [AppKit+0x86af3]  -[NSApplication run]+0x252
C  [libosxapp.dylib+0x214d]  +[NSApplicationAWT runAWTLoopWithApp:]+0x9c
C  [libawt_lwawt.dylib+0x44517]  -[AWTStarter starter:]+0x389
C  [Foundation+0x92dd0]  __NSThreadPerformPerform+0x125
C  [CoreFoundation+0x80a01]  __CFRUNLOOP_IS_CALLING_OUT_TO_A_SOURCE0_PERFORM_FUNCTION__+0x11
C  [CoreFoundation+0x72b8d]  __CFRunLoopDoSources0+0x10d
C  [CoreFoundation+0x721bf]  __CFRunLoopRun+0x39f
C  [CoreFoundation+0x71bd8]  CFRunLoopRunSpecific+0x128
C  [java+0x6463]  CreateExecutionEnvironment+0x367
C  [java+0x21ac]  JLI_Launch+0x7a0
C  [java+0x84c0]  main+0x65
C  [java+0x1a04]  start+0x34
C  0x0000000000000007

Java frames: (J=compiled Java code, j=interpreted, Vv=VM code)
j  jogamp.nativewindow.jawt.macosx.MacOSXJAWTWindow.UnsetJAWTRootSurfaceLayer0(JJ)V+0
j  jogamp.nativewindow.jawt.macosx.MacOSXJAWTWindow.access$200(JJ)V+2
j  jogamp.nativewindow.jawt.macosx.MacOSXJAWTWindow$1.run()V+38
j  com.jogamp.common.util.RunnableTask.run()V+24
v  ~StubRoutines::call_stub

---------------  P R O C E S S  ---------------

Java Threads: ( => current thread )
  0x00007fc159cdc800 JavaThread "Thread-7" [_thread_blocked, id=36715, stack(0x00000001924f1000,0x00000001925f1000)]
  0x00007fc15e940000 JavaThread "Keep-Alive-Timer" daemon [_thread_blocked, id=63931, stack(0x0000000192f7a000,0x000000019307a000)]
  0x00007fc159807800 JavaThread "AWT-EventQueue-1" [_thread_in_native, id=57115, stack(0x000000018c612000,0x000000018c712000)]
  0x00007fc1593c5800 JavaThread "DestroyJavaVM" [_thread_blocked, id=3331, stack(0x000000010c7dd000,0x000000010c8dd000)]
  0x00007fc15895a000 JavaThread "AWT-EventQueue-0" [_thread_blocked, id=54539, stack(0x000000012bc74000,0x000000012bd74000)]
  0x00007fc15893a800 JavaThread "Java2D Disposer" daemon [_thread_blocked, id=50971, stack(0x000000012a94c000,0x000000012aa4c000)]
  0x00007fc159131000 JavaThread "Java2D Queue Flusher" daemon [_thread_blocked, id=49927, stack(0x00000001298c6000,0x00000001299c6000)]
  0x00007fc15889c800 JavaThread "AWT-Shutdown" [_thread_blocked, id=28435, stack(0x0000000126ae2000,0x0000000126be2000)]
=>0x00007fc15a02d000 JavaThread "AWT-AppKit" daemon [_thread_in_native, id=1811, stack(0x00007fff53cac000,0x00007fff544ac000)]
  0x00007fc159827800 JavaThread "Service Thread" daemon [_thread_blocked, id=18179, stack(0x0000000124ef7000,0x0000000124ff7000)]
  0x00007fc159825000 JavaThread "C1 CompilerThread2" daemon [_thread_blocked, id=17667, stack(0x0000000124df4000,0x0000000124ef4000)]
  0x00007fc15881b800 JavaThread "C2 CompilerThread1" daemon [_thread_blocked, id=17155, stack(0x0000000124cf1000,0x0000000124df1000)]
  0x00007fc15a028000 JavaThread "C2 CompilerThread0" daemon [_thread_blocked, id=16643, stack(0x0000000124bee000,0x0000000124cee000)]
  0x00007fc15a050000 JavaThread "Signal Dispatcher" daemon [_thread_blocked, id=16159, stack(0x0000000124aeb000,0x0000000124beb000)]
  0x00007fc15981a000 JavaThread "Finalizer" daemon [_thread_blocked, id=11011, stack(0x00000001230ca000,0x00000001231ca000)]
  0x00007fc159819800 JavaThread "Reference Handler" daemon [_thread_blocked, id=10499, stack(0x0000000122fc7000,0x00000001230c7000)]

Other Threads:
  0x00007fc159816800 VMThread [stack: 0x0000000122ec4000,0x0000000122fc4000] [id=9987]
  0x00007fc159828800 WatcherThread [stack: 0x0000000124ffa000,0x00000001250fa000] [id=18691]

VM state:not at safepoint (normal execution)

VM Mutex/Monitor currently owned by a thread: None

Heap:
 PSYoungGen      total 406528K, used 80097K [0x0000000795580000, 0x00000007bf400000, 0x00000007c0000000)
  eden space 406016K, 19% used [0x0000000795580000,0x000000079a398778,0x00000007ae200000)
  from space 512K, 25% used [0x00000007bf380000,0x00000007bf3a0000,0x00000007bf400000)
  to   space 12800K, 0% used [0x00000007bdb00000,0x00000007bdb00000,0x00000007be780000)
 ParOldGen       total 87552K, used 16894K [0x0000000740000000, 0x0000000745580000, 0x0000000795580000)
  object space 87552K, 19% used [0x0000000740000000,0x000000074107fa60,0x0000000745580000)
 Metaspace       used 19411K, capacity 19629K, committed 19968K, reserved 1067008K
  class space    used 1944K, capacity 2019K, committed 2048K, reserved 1048576K

Card table byte_map: [0x000000011c5c0000,0x000000011c9c1000] byte_map_base: 0x0000000118bc0000

Marking Bits: (ParMarkBitMap*) 0x000000010c131e20
 Begin Bits: [0x000000011d078000, 0x000000011f078000)
 End Bits:   [0x000000011f078000, 0x0000000121078000)

Polling page: 0x000000010c922000

CodeCache: size=245760Kb used=8218Kb max_used=8231Kb free=237541Kb
 bounds [0x000000010d200000, 0x000000010da20000, 0x000000011c200000]
 total_blobs=3076 nmethods=2198 adapters=792
 compilation: enabled

Compilation events (10 events):
Event: 11.343 Thread 0x00007fc159825000 nmethod 2207 0x000000010d31d6d0 code [0x000000010d31d840, 0x000000010d31d9d0]
Event: 11.343 Thread 0x00007fc159825000 2209       1       sun.java2d.SurfaceData::isValid (5 bytes)
Event: 11.343 Thread 0x00007fc159825000 nmethod 2209 0x000000010d9e9290 code [0x000000010d9e93e0, 0x000000010d9e94f0]
Event: 11.370 Thread 0x00007fc15a028000 2210       4       jogamp.opengl.gl4.GL4bcImpl::glGetError (49 bytes)
Event: 11.372 Thread 0x00007fc15a028000 nmethod 2210 0x000000010d9e8ed0 code [0x000000010d9e9040, 0x000000010d9e9148]
Event: 11.403 Thread 0x00007fc15881b800 2211  s    4       sun.misc.URLClassPath::getNextLoader (88 bytes)
Event: 11.404 Thread 0x00007fc159825000 2212  s!   2       sun.misc.URLClassPath::getLoader (197 bytes)
Event: 11.407 Thread 0x00007fc159825000 nmethod 2212 0x000000010da05e50 code [0x000000010da06140, 0x000000010da07848]
Event: 11.410 Thread 0x00007fc15881b800 nmethod 2211 0x000000010da03b50 code [0x000000010da03cc0, 0x000000010da04438]
Event: 11.423 Thread 0x00007fc15a028000 2213       4       java.security.AccessControlContext::combine (205 bytes)

GC Heap History (10 events):
Event: 6.542 GC heap before
{Heap before GC invocations=8 (full 0):
 PSYoungGen      total 145408K, used 136960K [0x0000000795580000, 0x00000007a7180000, 0x00000007c0000000)
  eden space 133120K, 100% used [0x0000000795580000,0x000000079d780000,0x000000079d780000)
  from space 12288K, 31% used [0x000000079d780000,0x000000079db400e0,0x000000079e380000)
  to   space 12288K, 0% used [0x00000007a6580000,0x00000007a6580000,0x00000007a7180000)
 ParOldGen       total 87552K, used 12598K [0x0000000740000000, 0x0000000745580000, 0x0000000795580000)
  object space 87552K, 14% used [0x0000000740000000,0x0000000740c4d960,0x0000000745580000)
 Metaspace       used 19102K, capacity 19299K, committed 19456K, reserved 1067008K
  class space    used 1934K, capacity 2018K, committed 2048K, reserved 1048576K
Event: 6.552 GC heap after
Heap after GC invocations=8 (full 0):
 PSYoungGen      total 278016K, used 1184K [0x0000000795580000, 0x00000007a7280000, 0x00000007c0000000)
  eden space 265728K, 0% used [0x0000000795580000,0x0000000795580000,0x00000007a5900000)
  from space 12288K, 9% used [0x00000007a6580000,0x00000007a66a8040,0x00000007a7180000)
  to   space 12800K, 0% used [0x00000007a5900000,0x00000007a5900000,0x00000007a6580000)
 ParOldGen       total 87552K, used 15774K [0x0000000740000000, 0x0000000745580000, 0x0000000795580000)
  object space 87552K, 18% used [0x0000000740000000,0x0000000740f67a20,0x0000000745580000)
 Metaspace       used 19102K, capacity 19299K, committed 19456K, reserved 1067008K
  class space    used 1934K, capacity 2018K, committed 2048K, reserved 1048576K
}
Event: 7.679 GC heap before
{Heap before GC invocations=9 (full 0):
 PSYoungGen      total 278016K, used 266912K [0x0000000795580000, 0x00000007a7280000, 0x00000007c0000000)
  eden space 265728K, 100% used [0x0000000795580000,0x00000007a5900000,0x00000007a5900000)
  from space 12288K, 9% used [0x00000007a6580000,0x00000007a66a8040,0x00000007a7180000)
  to   space 12800K, 0% used [0x00000007a5900000,0x00000007a5900000,0x00000007a6580000)
 ParOldGen       total 87552K, used 15774K [0x0000000740000000, 0x0000000745580000, 0x0000000795580000)
  object space 87552K, 18% used [0x0000000740000000,0x0000000740f67a20,0x0000000745580000)
 Metaspace       used 19231K, capacity 19437K, committed 19712K, reserved 1067008K
  class space    used 1936K, capacity 2019K, committed 2048K, reserved 1048576K
Event: 7.684 GC heap after
Heap after GC invocations=9 (full 0):
 PSYoungGen      total 278528K, used 1120K [0x0000000795580000, 0x00000007b0e00000, 0x00000007c0000000)
  eden space 265728K, 0% used [0x0000000795580000,0x0000000795580000,0x00000007a5900000)
  from space 12800K, 8% used [0x00000007a5900000,0x00000007a5a18040,0x00000007a6580000)
  to   space 12800K, 0% used [0x00000007b0180000,0x00000007b0180000,0x00000007b0e00000)
 ParOldGen       total 87552K, used 15790K [0x0000000740000000, 0x0000000745580000, 0x0000000795580000)
  object space 87552K, 18% used [0x0000000740000000,0x0000000740f6ba20,0x0000000745580000)
 Metaspace       used 19231K, capacity 19437K, committed 19712K, reserved 1067008K
  class space    used 1936K, capacity 2019K, committed 2048K, reserved 1048576K
}
Event: 8.562 GC heap before
{Heap before GC invocations=10 (full 0):
 PSYoungGen      total 278528K, used 266848K [0x0000000795580000, 0x00000007b0e00000, 0x00000007c0000000)
  eden space 265728K, 100% used [0x0000000795580000,0x00000007a5900000,0x00000007a5900000)
  from space 12800K, 8% used [0x00000007a5900000,0x00000007a5a18040,0x00000007a6580000)
  to   space 12800K, 0% used [0x00000007b0180000,0x00000007b0180000,0x00000007b0e00000)
 ParOldGen       total 87552K, used 15790K [0x0000000740000000, 0x0000000745580000, 0x0000000795580000)
  object space 87552K, 18% used [0x0000000740000000,0x0000000740f6ba20,0x0000000745580000)
 Metaspace       used 19290K, capacity 19501K, committed 19712K, reserved 1067008K
  class space    used 1936K, capacity 2019K, committed 2048K, reserved 1048576K
Event: 8.564 GC heap after
Heap after GC invocations=10 (full 0):
 PSYoungGen      total 438272K, used 320K [0x0000000795580000, 0x00000007b0e00000, 0x00000007c0000000)
  eden space 425472K, 0% used [0x0000000795580000,0x0000000795580000,0x00000007af500000)
  from space 12800K, 2% used [0x00000007b0180000,0x00000007b01d0000,0x00000007b0e00000)
  to   space 12800K, 0% used [0x00000007af500000,0x00000007af500000,0x00000007b0180000)
 ParOldGen       total 87552K, used 16854K [0x0000000740000000, 0x0000000745580000, 0x0000000795580000)
  object space 87552K, 19% used [0x0000000740000000,0x0000000741075a60,0x0000000745580000)
 Metaspace       used 19290K, capacity 19501K, committed 19712K, reserved 1067008K
  class space    used 1936K, capacity 2019K, committed 2048K, reserved 1048576K
}
Event: 9.969 GC heap before
{Heap before GC invocations=11 (full 0):
 PSYoungGen      total 438272K, used 425792K [0x0000000795580000, 0x00000007b0e00000, 0x00000007c0000000)
  eden space 425472K, 100% used [0x0000000795580000,0x00000007af500000,0x00000007af500000)
  from space 12800K, 2% used [0x00000007b0180000,0x00000007b01d0000,0x00000007b0e00000)
  to   space 12800K, 0% used [0x00000007af500000,0x00000007af500000,0x00000007b0180000)
 ParOldGen       total 87552K, used 16854K [0x0000000740000000, 0x0000000745580000, 0x0000000795580000)
  object space 87552K, 19% used [0x0000000740000000,0x0000000741075a60,0x0000000745580000)
 Metaspace       used 19330K, capacity 19501K, committed 19712K, reserved 1067008K
  class space    used 1936K, capacity 2019K, committed 2048K, reserved 1048576K
Event: 9.971 GC heap after
Heap after GC invocations=11 (full 0):
 PSYoungGen      total 438272K, used 64K [0x0000000795580000, 0x00000007c0000000, 0x00000007c0000000)
  eden space 425472K, 0% used [0x0000000795580000,0x0000000795580000,0x00000007af500000)
  from space 12800K, 0% used [0x00000007af500000,0x00000007af510000,0x00000007b0180000)
  to   space 12800K, 0% used [0x00000007bf380000,0x00000007bf380000,0x00000007c0000000)
 ParOldGen       total 87552K, used 16886K [0x0000000740000000, 0x0000000745580000, 0x0000000795580000)
  object space 87552K, 19% used [0x0000000740000000,0x000000074107da60,0x0000000745580000)
 Metaspace       used 19330K, capacity 19501K, committed 19712K, reserved 1067008K
  class space    used 1936K, capacity 2019K, committed 2048K, reserved 1048576K
}
Event: 11.181 GC heap before
{Heap before GC invocations=12 (full 0):
 PSYoungGen      total 438272K, used 425536K [0x0000000795580000, 0x00000007c0000000, 0x00000007c0000000)
  eden space 425472K, 100% used [0x0000000795580000,0x00000007af500000,0x00000007af500000)
  from space 12800K, 0% used [0x00000007af500000,0x00000007af510000,0x00000007b0180000)
  to   space 12800K, 0% used [0x00000007bf380000,0x00000007bf380000,0x00000007c0000000)
 ParOldGen       total 87552K, used 16886K [0x0000000740000000, 0x0000000745580000, 0x0000000795580000)
  object space 87552K, 19% used [0x0000000740000000,0x000000074107da60,0x0000000745580000)
 Metaspace       used 19370K, capacity 19629K, committed 19968K, reserved 1067008K
  class space    used 1936K, capacity 2019K, committed 2048K, reserved 1048576K
Event: 11.183 GC heap after
Heap after GC invocations=12 (full 0):
 PSYoungGen      total 406528K, used 128K [0x0000000795580000, 0x00000007bf400000, 0x00000007c0000000)
  eden space 406016K, 0% used [0x0000000795580000,0x0000000795580000,0x00000007ae200000)
  from space 512K, 25% used [0x00000007bf380000,0x00000007bf3a0000,0x00000007bf400000)
  to   space 12800K, 0% used [0x00000007bdb00000,0x00000007bdb00000,0x00000007be780000)
 ParOldGen       total 87552K, used 16894K [0x0000000740000000, 0x0000000745580000, 0x0000000795580000)
  object space 87552K, 19% used [0x0000000740000000,0x000000074107fa60,0x0000000745580000)
 Metaspace       used 19370K, capacity 19629K, committed 19968K, reserved 1067008K
  class space    used 1936K, capacity 2019K, committed 2048K, reserved 1048576K
}

Deoptimization events (10 events):
Event: 2.835 Thread 0x00007fc1593f0800 Uncommon trap: reason=bimorphic action=maybe_recompile pc=0x000000010d45e32c method=java.util.HashMap.getNode(ILjava/lang/Object;)Ljava/util/HashMap$Node; @ 126
Event: 2.835 Thread 0x00007fc1593f0800 Uncommon trap: reason=bimorphic action=maybe_recompile pc=0x000000010d45e32c method=java.util.HashMap.getNode(ILjava/lang/Object;)Ljava/util/HashMap$Node; @ 126
Event: 2.836 Thread 0x00007fc1593f0800 Uncommon trap: reason=bimorphic action=maybe_recompile pc=0x000000010d45e32c method=java.util.HashMap.getNode(ILjava/lang/Object;)Ljava/util/HashMap$Node; @ 126
Event: 2.836 Thread 0x00007fc1593f0800 Uncommon trap: reason=bimorphic action=maybe_recompile pc=0x000000010d45e32c method=java.util.HashMap.getNode(ILjava/lang/Object;)Ljava/util/HashMap$Node; @ 126
Event: 2.842 Thread 0x00007fc1593f0800 Uncommon trap: reason=unstable_if action=reinterpret pc=0x000000010d47245c method=java.lang.String.lastIndexOf([CII[CIII)I @ 118
Event: 3.774 Thread 0x00007fc159807800 Uncommon trap: reason=unstable_if action=reinterpret pc=0x000000010d3a53ac method=java.lang.AbstractStringBuilder.append(Ljava/lang/String;)Ljava/lang/AbstractStringBuilder; @ 1
Event: 4.119 Thread 0x00007fc159807800 Uncommon trap: reason=unstable_if action=reinterpret pc=0x000000010d5fb0fc method=com.jogamp.common.util.IntIntHashMap.get(I)I @ 28
Event: 4.310 Thread 0x00007fc159807800 Uncommon trap: reason=unstable_if action=reinterpret pc=0x000000010d657970 method=jogamp.opengl.glu.tessellator.Geom.EdgeSign(Ljogamp/opengl/glu/tessellator/GLUvertex;Ljogamp/opengl/glu/tessellator/GLUvertex;Ljogamp/opengl/glu/tessellator/GLUvertex;)D @ 5
Event: 4.337 Thread 0x00007fc159807800 Uncommon trap: reason=unstable_if action=reinterpret pc=0x000000010d5cd850 method=java.lang.String.trim()Ljava/lang/String; @ 23
Event: 4.715 Thread 0x00007fc15a6d8000 Uncommon trap: reason=unstable_if action=reinterpret pc=0x000000010d5ecd14 method=java.lang.String.regionMatches(ZILjava/lang/String;II)Z @ 123

Internal exceptions (10 events):
Event: 0.226 Thread 0x00007fc159807800 Exception <a 'java/lang/NoSuchFieldError': method resolution failed> (0x0000000795879e28) thrown at [/Users/java_re/workspace/8-2-build-macosx-x86_64/jdk8u60/4407/hotspot/src/share/vm/prims/methodHandles.cpp, line 1146]
Event: 0.232 Thread 0x00007fc159807800 Exception <a 'java/lang/NoSuchFieldError': method resolution failed> (0x00000007958875f8) thrown at [/Users/java_re/workspace/8-2-build-macosx-x86_64/jdk8u60/4407/hotspot/src/share/vm/prims/methodHandles.cpp, line 1146]
Event: 0.487 Thread 0x00007fc159807800 Exception <a 'java/io/FileNotFoundException'> (0x00000007959034e0) thrown at [/Users/java_re/workspace/8-2-build-macosx-x86_64/jdk8u60/4407/hotspot/src/share/vm/prims/jni.cpp, line 709]
Event: 0.488 Thread 0x00007fc159807800 Exception <a 'java/io/FileNotFoundException'> (0x0000000795904030) thrown at [/Users/java_re/workspace/8-2-build-macosx-x86_64/jdk8u60/4407/hotspot/src/share/vm/prims/jni.cpp, line 709]
Event: 0.607 Thread 0x00007fc159807800 Exception <a 'java/io/FileNotFoundException'> (0x0000000795ae8338) thrown at [/Users/java_re/workspace/8-2-build-macosx-x86_64/jdk8u60/4407/hotspot/src/share/vm/prims/jni.cpp, line 709]
Event: 2.862 Thread 0x00007fc1593f0800 Exception <a 'java/lang/UnsatisfiedLinkError': com.jogamp.common.util.JarUtil.fixNativeLibAttribs(Ljava/lang/String;)Z> (0x0000000796c8c0a0) thrown at [/Users/java_re/workspace/8-2-build-macosx-x86_64/jdk8u60/4407/hotspot/src/share/vm/prims/nativeLookup.c
Event: 3.159 Thread 0x00007fc15981a000 Exception <a 'java/lang/NullPointerException'> (0x00000007956a42c0) thrown at [/Users/java_re/workspace/8-2-build-macosx-x86_64/jdk8u60/4407/hotspot/src/share/vm/interpreter/linkResolver.cpp, line 1178]
Event: 3.773 Thread 0x00007fc159807800 Exception <a 'java/io/FileNotFoundException'> (0x00000007960ba518) thrown at [/Users/java_re/workspace/8-2-build-macosx-x86_64/jdk8u60/4407/hotspot/src/share/vm/prims/jni.cpp, line 709]
Event: 3.774 Thread 0x00007fc159807800 Exception <a 'java/io/FileNotFoundException'> (0x00000007960c1678) thrown at [/Users/java_re/workspace/8-2-build-macosx-x86_64/jdk8u60/4407/hotspot/src/share/vm/prims/jni.cpp, line 709]
Event: 3.774 Thread 0x00007fc159807800 Implicit null exception at 0x000000010d3a5035 to 0x000000010d3a5399

Events (10 events):
Event: 11.422 loading class java/awt/LightweightDispatcher$2 done
Event: 11.422 loading class java/awt/event/AWTEventListenerProxy
Event: 11.422 loading class java/awt/event/AWTEventListenerProxy done
Event: 11.422 loading class java/awt/Toolkit$ToolkitEventMulticaster
Event: 11.422 loading class java/awt/Toolkit$ToolkitEventMulticaster done
Event: 11.423 Thread 0x00007fc159163000 Thread exited: 0x00007fc159163000
Event: 11.423 loading class java/lang/IllegalThreadStateException
Event: 11.423 loading class java/lang/IllegalThreadStateException done
Event: 11.423 loading class java/awt/Window$1DisposeAction
Event: 11.423 loading class java/awt/Window$1DisposeAction done


Dynamic libraries:
0x000000000690f000 	/System/Library/Frameworks/Cocoa.framework/Versions/A/Cocoa
0x000000000690f000 	/System/Library/Frameworks/Security.framework/Versions/A/Security
0x000000000690f000 	/System/Library/Frameworks/ApplicationServices.framework/Versions/A/ApplicationServices
0x000000000690f000 	/usr/lib/libz.1.dylib
0x000000000690f000 	/usr/lib/libSystem.B.dylib
0x000000000690f000 	/usr/lib/libobjc.A.dylib
0x000000000690f000 	/System/Library/Frameworks/CoreFoundation.framework/Versions/A/CoreFoundation
0x000000000690f000 	/System/Library/Frameworks/Foundation.framework/Versions/C/Foundation
0x000000000690f000 	/System/Library/Frameworks/AppKit.framework/Versions/C/AppKit
0x000000000690f000 	/System/Library/Frameworks/CoreData.framework/Versions/A/CoreData
0x000000000690f000 	/System/Library/PrivateFrameworks/RemoteViewServices.framework/Versions/A/RemoteViewServices
0x000000000690f000 	/System/Library/PrivateFrameworks/UIFoundation.framework/Versions/A/UIFoundation
0x000000000690f000 	/System/Library/Frameworks/IOSurface.framework/Versions/A/IOSurface
0x000000000690f000 	/System/Library/Frameworks/AudioToolbox.framework/Versions/A/AudioToolbox
0x000000000690f000 	/System/Library/Frameworks/AudioUnit.framework/Versions/A/AudioUnit
0x000000000690f000 	/System/Library/PrivateFrameworks/DataDetectorsCore.framework/Versions/A/DataDetectorsCore
0x000000000690f000 	/System/Library/PrivateFrameworks/DesktopServicesPriv.framework/Versions/A/DesktopServicesPriv
0x000000000690f000 	/System/Library/Frameworks/Carbon.framework/Versions/A/Frameworks/HIToolbox.framework/Versions/A/HIToolbox
0x000000000690f000 	/System/Library/Frameworks/QuartzCore.framework/Versions/A/QuartzCore
0x000000000690f000 	/System/Library/Frameworks/Carbon.framework/Versions/A/Frameworks/SpeechRecognition.framework/Versions/A/SpeechRecognition
0x000000000690f000 	/usr/lib/libauto.dylib
0x000000000690f000 	/usr/lib/libicucore.A.dylib
0x000000000690f000 	/usr/lib/libxml2.2.dylib
0x000000000690f000 	/System/Library/PrivateFrameworks/CoreUI.framework/Versions/A/CoreUI
0x000000000690f000 	/System/Library/Frameworks/CoreAudio.framework/Versions/A/CoreAudio
0x000000000690f000 	/System/Library/Frameworks/DiskArbitration.framework/Versions/A/DiskArbitration
0x000000000690f000 	/usr/lib/liblangid.dylib
0x000000000690f000 	/System/Library/PrivateFrameworks/MultitouchSupport.framework/Versions/A/MultitouchSupport
0x000000000690f000 	/System/Library/Frameworks/IOKit.framework/Versions/A/IOKit
0x000000000690f000 	/usr/lib/libDiagnosticMessagesClient.dylib
0x000000000690f000 	/System/Library/Frameworks/CoreServices.framework/Versions/A/CoreServices
0x000000000690f000 	/System/Library/PrivateFrameworks/PerformanceAnalysis.framework/Versions/A/PerformanceAnalysis
0x000000000690f000 	/System/Library/PrivateFrameworks/GenerationalStorage.framework/Versions/A/GenerationalStorage
0x000000000690f000 	/System/Library/Frameworks/OpenGL.framework/Versions/A/OpenGL
0x000000000690f000 	/System/Library/PrivateFrameworks/Sharing.framework/Versions/A/Sharing
0x000000000690f000 	/System/Library/Frameworks/CoreGraphics.framework/Versions/A/CoreGraphics
0x000000000690f000 	/System/Library/Frameworks/CoreText.framework/Versions/A/CoreText
0x000000000690f000 	/System/Library/Frameworks/ImageIO.framework/Versions/A/ImageIO
0x000000000690f000 	/usr/lib/libextension.dylib
0x000000000690f000 	/System/Library/PrivateFrameworks/Backup.framework/Versions/A/Backup
0x000000000690f000 	/usr/lib/libarchive.2.dylib
0x000000000690f000 	/System/Library/Frameworks/CFNetwork.framework/Versions/A/CFNetwork
0x000000000690f000 	/System/Library/Frameworks/SystemConfiguration.framework/Versions/A/SystemConfiguration
0x000000000690f000 	/usr/lib/libCRFSuite.dylib
0x000000000690f000 	/usr/lib/libc++.1.dylib
0x000000000690f000 	/usr/lib/libc++abi.dylib
0x000000000690f000 	/usr/lib/system/libcache.dylib
0x000000000690f000 	/usr/lib/system/libcommonCrypto.dylib
0x000000000690f000 	/usr/lib/system/libcompiler_rt.dylib
0x000000000690f000 	/usr/lib/system/libcopyfile.dylib
0x000000000690f000 	/usr/lib/system/libcorecrypto.dylib
0x000000000690f000 	/usr/lib/system/libdispatch.dylib
0x000000000690f000 	/usr/lib/system/libdyld.dylib
0x000000000690f000 	/usr/lib/system/libkeymgr.dylib
0x000000000690f000 	/usr/lib/system/liblaunch.dylib
0x000000000690f000 	/usr/lib/system/libmacho.dylib
0x000000000690f000 	/usr/lib/system/libquarantine.dylib
0x000000000690f000 	/usr/lib/system/libremovefile.dylib
0x000000000690f000 	/usr/lib/system/libsystem_asl.dylib
0x000000000690f000 	/usr/lib/system/libsystem_blocks.dylib
0x000000000690f000 	/usr/lib/system/libsystem_c.dylib
0x000000000690f000 	/usr/lib/system/libsystem_configuration.dylib
0x000000000690f000 	/usr/lib/system/libsystem_coreservices.dylib
0x000000000690f000 	/usr/lib/system/libsystem_coretls.dylib
0x000000000690f000 	/usr/lib/system/libsystem_dnssd.dylib
0x000000000690f000 	/usr/lib/system/libsystem_info.dylib
0x000000000690f000 	/usr/lib/system/libsystem_kernel.dylib
0x000000000690f000 	/usr/lib/system/libsystem_m.dylib
0x000000000690f000 	/usr/lib/system/libsystem_malloc.dylib
0x000000000690f000 	/usr/lib/system/libsystem_network.dylib
0x000000000690f000 	/usr/lib/system/libsystem_networkextension.dylib
0x000000000690f000 	/usr/lib/system/libsystem_notify.dylib
0x000000000690f000 	/usr/lib/system/libsystem_platform.dylib
0x000000000690f000 	/usr/lib/system/libsystem_pthread.dylib
0x000000000690f000 	/usr/lib/system/libsystem_sandbox.dylib
0x000000000690f000 	/usr/lib/system/libsystem_secinit.dylib
0x000000000690f000 	/usr/lib/system/libsystem_stats.dylib
0x000000000690f000 	/usr/lib/system/libsystem_trace.dylib
0x000000000690f000 	/usr/lib/system/libunc.dylib
0x000000000690f000 	/usr/lib/system/libunwind.dylib
0x000000000690f000 	/usr/lib/system/libxpc.dylib
0x000000000690f000 	/usr/lib/libbz2.1.0.dylib
0x000000000690f000 	/usr/lib/liblzma.5.dylib
0x000000000690f000 	/usr/lib/libbsm.0.dylib
0x000000000690f000 	/usr/lib/libsqlite3.dylib
0x000000000690f000 	/usr/lib/system/libkxld.dylib
0x000000000690f000 	/usr/lib/libxar.1.dylib
0x000000000690f000 	/usr/lib/libpam.2.dylib
0x000000000690f000 	/usr/lib/libOpenScriptingUtil.dylib
0x000000000690f000 	/System/Library/Frameworks/CoreServices.framework/Versions/A/Frameworks/FSEvents.framework/Versions/A/FSEvents
0x000000000690f000 	/System/Library/Frameworks/CoreServices.framework/Versions/A/Frameworks/CarbonCore.framework/Versions/A/CarbonCore
0x000000000690f000 	/System/Library/Frameworks/CoreServices.framework/Versions/A/Frameworks/Metadata.framework/Versions/A/Metadata
0x000000000690f000 	/System/Library/Frameworks/CoreServices.framework/Versions/A/Frameworks/OSServices.framework/Versions/A/OSServices
0x000000000690f000 	/System/Library/Frameworks/CoreServices.framework/Versions/A/Frameworks/SearchKit.framework/Versions/A/SearchKit
0x000000000690f000 	/System/Library/Frameworks/CoreServices.framework/Versions/A/Frameworks/AE.framework/Versions/A/AE
0x000000000690f000 	/System/Library/Frameworks/CoreServices.framework/Versions/A/Frameworks/LaunchServices.framework/Versions/A/LaunchServices
0x000000000690f000 	/System/Library/Frameworks/CoreServices.framework/Versions/A/Frameworks/DictionaryServices.framework/Versions/A/DictionaryServices
0x000000000690f000 	/System/Library/Frameworks/NetFS.framework/Versions/A/NetFS
0x000000000690f000 	/System/Library/PrivateFrameworks/NetAuth.framework/Versions/A/NetAuth
0x000000000690f000 	/System/Library/PrivateFrameworks/login.framework/Versions/A/Frameworks/loginsupport.framework/Versions/A/loginsupport
0x000000000690f000 	/System/Library/PrivateFrameworks/TCC.framework/Versions/A/TCC
0x000000000690f000 	/usr/lib/libmecabra.dylib
0x000000000690f000 	/System/Library/Frameworks/ApplicationServices.framework/Versions/A/Frameworks/ATS.framework/Versions/A/ATS
0x000000000690f000 	/System/Library/Frameworks/ApplicationServices.framework/Versions/A/Frameworks/ColorSync.framework/Versions/A/ColorSync
0x000000000690f000 	/System/Library/Frameworks/ApplicationServices.framework/Versions/A/Frameworks/HIServices.framework/Versions/A/HIServices
0x000000000690f000 	/System/Library/Frameworks/ApplicationServices.framework/Versions/A/Frameworks/LangAnalysis.framework/Versions/A/LangAnalysis
0x000000000690f000 	/System/Library/Frameworks/ApplicationServices.framework/Versions/A/Frameworks/PrintCore.framework/Versions/A/PrintCore
0x000000000690f000 	/System/Library/Frameworks/ApplicationServices.framework/Versions/A/Frameworks/QD.framework/Versions/A/QD
0x000000000690f000 	/System/Library/Frameworks/ApplicationServices.framework/Versions/A/Frameworks/SpeechSynthesis.framework/Versions/A/SpeechSynthesis
0x000000000690f000 	/System/Library/Frameworks/Accelerate.framework/Versions/A/Accelerate
0x000000000690f000 	/System/Library/Frameworks/Accelerate.framework/Versions/A/Frameworks/vImage.framework/Versions/A/vImage
0x000000000690f000 	/System/Library/Frameworks/Accelerate.framework/Versions/A/Frameworks/vecLib.framework/Versions/A/vecLib
0x000000000690f000 	/System/Library/Frameworks/Accelerate.framework/Versions/A/Frameworks/vecLib.framework/Versions/A/libvDSP.dylib
0x000000000690f000 	/System/Library/Frameworks/Accelerate.framework/Versions/A/Frameworks/vecLib.framework/Versions/A/libvMisc.dylib
0x000000000690f000 	/System/Library/Frameworks/Accelerate.framework/Versions/A/Frameworks/vecLib.framework/Versions/A/libLAPACK.dylib
0x000000000690f000 	/System/Library/Frameworks/Accelerate.framework/Versions/A/Frameworks/vecLib.framework/Versions/A/libBLAS.dylib
0x000000000690f000 	/System/Library/Frameworks/Accelerate.framework/Versions/A/Frameworks/vecLib.framework/Versions/A/libLinearAlgebra.dylib
0x000000000690f000 	/System/Library/Frameworks/ApplicationServices.framework/Versions/A/Frameworks/ATS.framework/Versions/A/Resources/libFontParser.dylib
0x000000000690f000 	/System/Library/Frameworks/ApplicationServices.framework/Versions/A/Frameworks/ATS.framework/Versions/A/Resources/libFontRegistry.dylib
0x000000000690f000 	/System/Library/PrivateFrameworks/AppleVPA.framework/Versions/A/AppleVPA
0x000000000690f000 	/System/Library/PrivateFrameworks/AppleJPEG.framework/Versions/A/AppleJPEG
0x000000000690f000 	/System/Library/Frameworks/ImageIO.framework/Versions/A/Resources/libJPEG.dylib
0x000000000690f000 	/System/Library/Frameworks/ImageIO.framework/Versions/A/Resources/libTIFF.dylib
0x000000000690f000 	/System/Library/Frameworks/ImageIO.framework/Versions/A/Resources/libPng.dylib
0x000000000690f000 	/System/Library/Frameworks/ImageIO.framework/Versions/A/Resources/libGIF.dylib
0x000000000690f000 	/System/Library/Frameworks/ImageIO.framework/Versions/A/Resources/libJP2.dylib
0x000000000690f000 	/System/Library/Frameworks/ImageIO.framework/Versions/A/Resources/libRadiance.dylib
0x000000000690f000 	/System/Library/Frameworks/CoreVideo.framework/Versions/A/CoreVideo
0x000000000690f000 	/System/Library/Frameworks/OpenGL.framework/Versions/A/Libraries/libGLU.dylib
0x000000000690f000 	/System/Library/Frameworks/OpenGL.framework/Versions/A/Libraries/libGFXShared.dylib
0x000000000690f000 	/System/Library/Frameworks/OpenGL.framework/Versions/A/Libraries/libGL.dylib
0x000000000690f000 	/System/Library/Frameworks/OpenGL.framework/Versions/A/Libraries/libGLImage.dylib
0x000000000690f000 	/System/Library/Frameworks/OpenGL.framework/Versions/A/Libraries/libCVMSPluginSupport.dylib
0x000000000690f000 	/System/Library/Frameworks/OpenGL.framework/Versions/A/Libraries/libCoreVMClient.dylib
0x000000000690f000 	/usr/lib/libcups.2.dylib
0x000000000690f000 	/System/Library/Frameworks/Kerberos.framework/Versions/A/Kerberos
0x000000000690f000 	/System/Library/Frameworks/GSS.framework/Versions/A/GSS
0x000000000690f000 	/usr/lib/libresolv.9.dylib
0x000000000690f000 	/usr/lib/libiconv.2.dylib
0x000000000690f000 	/System/Library/PrivateFrameworks/Heimdal.framework/Versions/A/Heimdal
0x000000000690f000 	/usr/lib/libheimdal-asn1.dylib
0x000000000690f000 	/System/Library/Frameworks/OpenDirectory.framework/Versions/A/OpenDirectory
0x000000000690f000 	/System/Library/PrivateFrameworks/CommonAuth.framework/Versions/A/CommonAuth
0x000000000690f000 	/System/Library/Frameworks/OpenDirectory.framework/Versions/A/Frameworks/CFOpenDirectory.framework/Versions/A/CFOpenDirectory
0x000000000690f000 	/System/Library/Frameworks/SecurityFoundation.framework/Versions/A/SecurityFoundation
0x000000000690f000 	/System/Library/PrivateFrameworks/LanguageModeling.framework/Versions/A/LanguageModeling
0x000000000690f000 	/usr/lib/libcmph.dylib
0x000000000690f000 	/System/Library/Frameworks/ServiceManagement.framework/Versions/A/ServiceManagement
0x000000000690f000 	/usr/lib/libxslt.1.dylib
0x000000000690f000 	/System/Library/Frameworks/Carbon.framework/Versions/A/Frameworks/Ink.framework/Versions/A/Ink
0x000000000690f000 	/System/Library/Frameworks/QuartzCore.framework/Versions/A/Frameworks/CoreImage.framework/Versions/A/CoreImage
0x000000000690f000 	/System/Library/PrivateFrameworks/CrashReporterSupport.framework/Versions/A/CrashReporterSupport
0x000000000690f000 	/System/Library/Frameworks/OpenCL.framework/Versions/A/OpenCL
0x000000000690f000 	/System/Library/PrivateFrameworks/FaceCore.framework/Versions/A/FaceCore
0x000000000690f000 	/System/Library/PrivateFrameworks/Ubiquity.framework/Versions/A/Ubiquity
0x000000000690f000 	/System/Library/PrivateFrameworks/IconServices.framework/Versions/A/IconServices
0x000000000690f000 	/System/Library/PrivateFrameworks/ChunkingLibrary.framework/Versions/A/ChunkingLibrary
0x000000000690f000 	/System/Library/PrivateFrameworks/Apple80211.framework/Versions/A/Apple80211
0x000000000690f000 	/System/Library/Frameworks/CoreWLAN.framework/Versions/A/CoreWLAN
0x000000000690f000 	/System/Library/Frameworks/IOBluetooth.framework/Versions/A/IOBluetooth
0x000000000690f000 	/System/Library/PrivateFrameworks/CoreWiFi.framework/Versions/A/CoreWiFi
0x000000000690f000 	/System/Library/Frameworks/CoreBluetooth.framework/Versions/A/CoreBluetooth
0x000000000690f000 	/System/Library/PrivateFrameworks/DebugSymbols.framework/Versions/A/DebugSymbols
0x000000000690f000 	/System/Library/PrivateFrameworks/CoreSymbolication.framework/Versions/A/CoreSymbolication
0x000000000690f000 	/System/Library/PrivateFrameworks/Symbolication.framework/Versions/A/Symbolication
0x000000000690f000 	/System/Library/PrivateFrameworks/SpeechRecognitionCore.framework/Versions/A/SpeechRecognitionCore
0x000000010b853000 	/Library/Java/JavaVirtualMachines/jdk1.8.0_60.jdk/Contents/Home/jre/lib/server/libjvm.dylib
0x000000000690f000 	/usr/lib/libstdc++.6.dylib
0x000000010c8df000 	/Library/Java/JavaVirtualMachines/jdk1.8.0_60.jdk/Contents/Home/jre/lib/libverify.dylib
0x000000010c8ed000 	/Library/Java/JavaVirtualMachines/jdk1.8.0_60.jdk/Contents/Home/jre/lib/libjava.dylib
0x000000010c93f000 	/Library/Java/JavaVirtualMachines/jdk1.8.0_60.jdk/Contents/Home/jre/lib/libzip.dylib
0x00000001231cc000 	/System/Library/Frameworks/JavaVM.framework/Frameworks/JavaRuntimeSupport.framework/JavaRuntimeSupport
0x00000001231e4000 	/System/Library/Frameworks/JavaVM.framework/Versions/A/Frameworks/JavaNativeFoundation.framework/Versions/A/JavaNativeFoundation
0x00000001231f9000 	/System/Library/Frameworks/JavaVM.framework/Versions/A/JavaVM
0x000000000690f000 	/System/Library/Frameworks/Carbon.framework/Versions/A/Carbon
0x0000000123206000 	/System/Library/PrivateFrameworks/JavaLaunching.framework/Versions/A/JavaLaunching
0x000000000690f000 	/System/Library/Frameworks/Carbon.framework/Versions/A/Frameworks/CommonPanels.framework/Versions/A/CommonPanels
0x000000000690f000 	/System/Library/Frameworks/Carbon.framework/Versions/A/Frameworks/Help.framework/Versions/A/Help
0x000000000690f000 	/System/Library/Frameworks/Carbon.framework/Versions/A/Frameworks/ImageCapture.framework/Versions/A/ImageCapture
0x000000000690f000 	/System/Library/Frameworks/Carbon.framework/Versions/A/Frameworks/OpenScripting.framework/Versions/A/OpenScripting
0x000000000690f000 	/System/Library/Frameworks/Carbon.framework/Versions/A/Frameworks/Print.framework/Versions/A/Print
0x000000000690f000 	/System/Library/Frameworks/Carbon.framework/Versions/A/Frameworks/SecurityHI.framework/Versions/A/SecurityHI
0x0000000125135000 	/Library/Java/JavaVirtualMachines/jdk1.8.0_60.jdk/Contents/Home/jre/lib/libawt.dylib
0x00000001251dd000 	/Library/Java/JavaVirtualMachines/jdk1.8.0_60.jdk/Contents/Home/jre/lib/./libmlib_image.dylib
0x00000001252a9000 	/Library/Java/JavaVirtualMachines/jdk1.8.0_60.jdk/Contents/Home/jre/lib/libawt_lwawt.dylib
0x000000012535e000 	/Library/Java/JavaVirtualMachines/jdk1.8.0_60.jdk/Contents/Home/jre/lib/./libosxapp.dylib
0x000000000690f000 	/System/Library/Frameworks/ExceptionHandling.framework/Versions/A/ExceptionHandling
0x000000000690f000 	/System/Library/PrivateFrameworks/CoreServicesInternal.framework/Versions/A/CoreServicesInternal
0x000000000690f000 	/System/Library/PrivateFrameworks/CloudDocs.framework/Versions/A/CloudDocs
0x000000000690f000 	/System/Library/PrivateFrameworks/CoreDuet.framework/Versions/A/CoreDuet
0x000000000690f000 	/System/Library/Frameworks/CloudKit.framework/Versions/A/CloudKit
0x000000000690f000 	/System/Library/PrivateFrameworks/ProtocolBuffer.framework/Versions/A/ProtocolBuffer
0x000000000690f000 	/System/Library/PrivateFrameworks/CoreDuetDaemonProtocol.framework/Versions/A/CoreDuetDaemonProtocol
0x000000000690f000 	/System/Library/PrivateFrameworks/CoreDuetDebugLogging.framework/Versions/A/CoreDuetDebugLogging
0x000000000690f000 	/System/Library/PrivateFrameworks/MMCS.framework/Versions/A/MMCS
0x000000000690f000 	/System/Library/Frameworks/CoreLocation.framework/Versions/A/CoreLocation
0x000000000690f000 	/System/Library/PrivateFrameworks/ProtectedCloudStorage.framework/Versions/A/ProtectedCloudStorage
0x000000000690f000 	/System/Library/PrivateFrameworks/GeoServices.framework/Versions/A/GeoServices
0x000000000690f000 	/System/Library/Frameworks/CoreGraphics.framework/Versions/A/Resources/libCGCMS.A.dylib
0x000000000690f000 	/System/Library/Frameworks/CoreGraphics.framework/Versions/A/Resources/libRIP.A.dylib
0x000000000690f000 	/System/Library/Frameworks/CoreGraphics.framework/Versions/A/Resources/libCGXType.A.dylib
0x000000000690f000 	/System/Library/Frameworks/OpenCL.framework/Versions/A/Libraries/libcldcpuengine.dylib
0x000000000690f000 	/System/Library/PrivateFrameworks/DiskImages.framework/Versions/A/DiskImages
0x000000000690f000 	/System/Library/Frameworks/DiscRecording.framework/Versions/A/DiscRecording
0x000000000690f000 	/usr/lib/libcsfde.dylib
0x000000000690f000 	/usr/lib/libcurl.4.dylib
0x000000000690f000 	/System/Library/PrivateFrameworks/MediaKit.framework/Versions/A/MediaKit
0x000000000690f000 	/usr/lib/libCoreStorage.dylib
0x000000000690f000 	/System/Library/PrivateFrameworks/EFILogin.framework/Versions/A/EFILogin
0x000000000690f000 	/usr/lib/libutil.dylib
0x000000000690f000 	/System/Library/PrivateFrameworks/FindMyDevice.framework/Versions/A/FindMyDevice
0x000000000690f000 	/System/Library/Frameworks/LDAP.framework/Versions/A/LDAP
0x000000000690f000 	/usr/lib/libsasl2.2.dylib
0x000000000690f000 	/System/Library/PrivateFrameworks/CoreDaemon.framework/Versions/B/CoreDaemon
0x000000000690f000 	/usr/lib/libcrypto.0.9.8.dylib
0x000000000690f000 	/System/Library/PrivateFrameworks/AppleSRP.framework/Versions/A/AppleSRP
0x000000000690f000 	/System/Library/PrivateFrameworks/TrustEvaluationAgent.framework/Versions/A/TrustEvaluationAgent
0x000000012861e000 	cl_kernels
0x0000000128620000 	/System/Library/Frameworks/OpenCL.framework/Versions/A/Libraries/ImageFormats/unorm8_bgra.dylib
0x0000000128610000 	cl_kernels
0x000000000690f000 	/System/Library/PrivateFrameworks/FamilyControls.framework/Versions/A/FamilyControls
0x000000000690f000 	/System/Library/PrivateFrameworks/CommerceKit.framework/Versions/A/Frameworks/CommerceCore.framework/Versions/A/CommerceCore
0x000000000690f000 	/System/Library/PrivateFrameworks/SystemAdministration.framework/Versions/A/SystemAdministration
0x000000000690f000 	/System/Library/PrivateFrameworks/AppContainer.framework/Versions/A/AppContainer
0x000000000690f000 	/System/Library/PrivateFrameworks/SecCodeWrapper.framework/Versions/A/SecCodeWrapper
0x000000000690f000 	/System/Library/Frameworks/DirectoryService.framework/Versions/A/DirectoryService
0x000000000690f000 	/System/Library/PrivateFrameworks/LoginUIKit.framework/Versions/A/Frameworks/LoginUICore.framework/Versions/A/LoginUICore
0x000000000690f000 	/usr/lib/libodfde.dylib
0x000000000690f000 	/System/Library/Frameworks/OpenGL.framework/Versions/A/Resources/GLEngine.bundle/GLEngine
0x000000000690f000 	/System/Library/Frameworks/OpenGL.framework/Versions/A/Libraries/libGLProgrammability.dylib
0x00000001299c8000 	/System/Library/Extensions/AppleIntelHD5000GraphicsGLDriver.bundle/Contents/MacOS/AppleIntelHD5000GraphicsGLDriver
0x000000000690f000 	/System/Library/PrivateFrameworks/IOAccelerator.framework/Versions/A/IOAccelerator
0x000000000690f000 	/System/Library/PrivateFrameworks/GPUSupport.framework/Versions/A/Libraries/libGPUSupportMercury.dylib
0x000000000690f000 	/System/Library/Frameworks/OpenGL.framework/Versions/A/Resources/GLRendererFloat.bundle/GLRendererFloat
0x000000012aa4e000 	/Library/Java/JavaVirtualMachines/jdk1.8.0_60.jdk/Contents/Home/jre/lib/libfontmanager.dylib
0x000000012bd86000 	/Library/Java/JavaVirtualMachines/jdk1.8.0_60.jdk/Contents/Home/jre/lib/libosxui.dylib
0x000000012c03b000 	/Library/Java/JavaVirtualMachines/jdk1.8.0_60.jdk/Contents/Home/jre/lib/libnet.dylib
0x000000012c052000 	/Library/Java/JavaVirtualMachines/jdk1.8.0_60.jdk/Contents/Home/jre/lib/libnio.dylib
0x000000000690f000 	/System/Library/Frameworks/ApplicationServices.framework/Versions/A/Frameworks/ATS.framework/Versions/A/Resources/libTrueTypeScaler.dylib
0x000000018be62000 	/private/var/folders/dz/9hrfz2z97n7f22lrjdqgm2sh0000gn/T/jogamp_0000/file_cache/jln8216447543767339166/jln8286850145453169285/libgluegen-rt.jnilib
0x000000018be66000 	/private/var/folders/dz/9hrfz2z97n7f22lrjdqgm2sh0000gn/T/jogamp_0000/file_cache/jln8216447543767339166/jln8286850145453169285/libnativewindow_awt.jnilib
0x000000018be69000 	/Library/Java/JavaVirtualMachines/jdk1.8.0_60.jdk/Contents/Home/jre/lib/libjawt.dylib
0x000000018be6c000 	/private/var/folders/dz/9hrfz2z97n7f22lrjdqgm2sh0000gn/T/jogamp_0000/file_cache/jln8216447543767339166/jln8286850145453169285/libnativewindow_macosx.jnilib
0x000000018f96a000 	/private/var/folders/dz/9hrfz2z97n7f22lrjdqgm2sh0000gn/T/jogamp_0000/file_cache/jln8216447543767339166/jln8286850145453169285/libjogl_desktop.jnilib

VM Arguments:
jvm_args: -Djava.security.policy=java.policy.applet -Dfile.encoding=UTF-8 
java_command: sun.applet.AppletViewer LifeExpectancy1443463977716.html
java_class_path (initial): /Users/tabutcu/Documents/workspace/VisualAge/build:/Users/tabutcu/Documents/workspace/VisualAge/lib/core.jar:/Users/tabutcu/Documents/workspace/VisualAge/lib/gluegen-rt.jar:/Users/tabutcu/Documents/workspace/VisualAge/lib/jogl-all.jar:/Users/tabutcu/Documents/workspace/VisualAge/lib/log4j-1.2.15.jar:/Users/tabutcu/Documents/workspace/VisualAge/lib/sqlite-jdbc-3.7.2.jar:/Users/tabutcu/Documents/workspace/VisualAge/lib/json4processing.jar:/Users/tabutcu/Documents/workspace/VisualAge/lib/libTUIO.jar:/Users/tabutcu/Documents/workspace/VisualAge/lib/unfolding.0.9.6.jar
Launcher Type: SUN_STANDARD

Environment Variables:
PATH=/usr/bin:/bin:/usr/sbin:/sbin
SHELL=/bin/bash
DISPLAY=/private/tmp/com.apple.launchd.SWyVFXtYED/org.macosforge.xquartz:0

Signal Handlers:
SIGSEGV: [libjvm.dylib+0x5a6d31], sa_mask[0]=11111111011111110111111111111111, sa_flags=SA_ONSTACK|SA_RESTART|SA_SIGINFO
SIGBUS: [libjvm.dylib+0x5a6d31], sa_mask[0]=11111111011111110111111111111111, sa_flags=SA_RESTART|SA_SIGINFO
SIGFPE: [libjvm.dylib+0x480a4c], sa_mask[0]=11111111011111110111111111111111, sa_flags=SA_RESTART|SA_SIGINFO
SIGPIPE: [libjvm.dylib+0x480a4c], sa_mask[0]=11111111011111110111111111111111, sa_flags=SA_RESTART|SA_SIGINFO
SIGXFSZ: [libjvm.dylib+0x480a4c], sa_mask[0]=11111111011111110111111111111111, sa_flags=SA_RESTART|SA_SIGINFO
SIGILL: [libjvm.dylib+0x480a4c], sa_mask[0]=11111111011111110111111111111111, sa_flags=SA_RESTART|SA_SIGINFO
SIGUSR1: SIG_DFL, sa_mask[0]=00000000000000000000000000000000, sa_flags=none
SIGUSR2: [libjvm.dylib+0x48056a], sa_mask[0]=00100000000000000000000000000000, sa_flags=SA_RESTART|SA_SIGINFO
SIGHUP: [libjvm.dylib+0x47eb41], sa_mask[0]=11111111011111110111111111111111, sa_flags=SA_RESTART|SA_SIGINFO
SIGINT: [libjvm.dylib+0x47eb41], sa_mask[0]=11111111011111110111111111111111, sa_flags=SA_RESTART|SA_SIGINFO
SIGTERM: [libjvm.dylib+0x47eb41], sa_mask[0]=11111111011111110111111111111111, sa_flags=SA_RESTART|SA_SIGINFO
SIGQUIT: [libjvm.dylib+0x47eb41], sa_mask[0]=11111111011111110111111111111111, sa_flags=SA_RESTART|SA_SIGINFO


---------------  S Y S T E M  ---------------

OS:Bsduname:Darwin 14.5.0 Darwin Kernel Version 14.5.0: Wed Jul 29 02:26:53 PDT 2015; root:xnu-2782.40.9~1/RELEASE_X86_64 x86_64
rlimit: STACK 8192k, CORE 0k, NPROC 709, NOFILE 10240, AS infinity
load average:3.31 2.91 3.01

CPU:total 4 (2 cores per cpu, 2 threads per core) family 6 model 69 stepping 1, cmov, cx8, fxsr, mmx, sse, sse2, sse3, ssse3, sse4.1, sse4.2, popcnt, avx, avx2, aes, clmul, erms, lzcnt, ht, tsc, tscinvbit, bmi1, bmi2

Memory: 4k page, physical 8388608k(22872k free)

/proc/meminfo:


vm_info: Java HotSpot(TM) 64-Bit Server VM (25.60-b23) for bsd-amd64 JRE (1.8.0_60-b27), built on Aug  4 2015 10:47:24 by "java_re" with gcc 4.2.1 (Based on Apple Inc. build 5658) (LLVM build 2336.11.00)

time: Mon Sep 28 13:13:09 2015
elapsed time: 11 seconds (0d 0h 0m 11s)

